[INFO] Scanning for projects...
[WARNING] 
[WARNING] Some problems were encountered while building the effective model for org.ninjaframework:ninja-core:jar:2.2.1-SNAPSHOT
[WARNING] 'parent.relativePath' of POM org.ninjaframework:ninja:2.2.1-SNAPSHOT (/Users/lusirui/Documents/research/PL/Summer/DeFlakerTest/ninja/pom.xml) points at org.ninjaframework:ninja instead of org.sonatype.oss:oss-parent, please verify your project structure @ org.ninjaframework:ninja:2.2.1-SNAPSHOT, /Users/lusirui/Documents/research/PL/Summer/DeFlakerTest/ninja/pom.xml, line 30, column 13
[WARNING] 
[WARNING] Some problems were encountered while building the effective model for org.ninjaframework:ninja-servlet:jar:2.2.1-SNAPSHOT
[WARNING] 'parent.relativePath' of POM org.ninjaframework:ninja:2.2.1-SNAPSHOT (/Users/lusirui/Documents/research/PL/Summer/DeFlakerTest/ninja/pom.xml) points at org.ninjaframework:ninja instead of org.sonatype.oss:oss-parent, please verify your project structure @ org.ninjaframework:ninja:2.2.1-SNAPSHOT, /Users/lusirui/Documents/research/PL/Summer/DeFlakerTest/ninja/pom.xml, line 30, column 13
[WARNING] 
[WARNING] Some problems were encountered while building the effective model for org.ninjaframework:ninja-standalone:jar:2.2.1-SNAPSHOT
[WARNING] 'parent.relativePath' of POM org.ninjaframework:ninja:2.2.1-SNAPSHOT (/Users/lusirui/Documents/research/PL/Summer/DeFlakerTest/ninja/pom.xml) points at org.ninjaframework:ninja instead of org.sonatype.oss:oss-parent, please verify your project structure @ org.ninjaframework:ninja:2.2.1-SNAPSHOT, /Users/lusirui/Documents/research/PL/Summer/DeFlakerTest/ninja/pom.xml, line 30, column 13
[WARNING] 
[WARNING] Some problems were encountered while building the effective model for org.ninjaframework:ninja-test-utilities:jar:2.2.1-SNAPSHOT
[WARNING] 'parent.relativePath' of POM org.ninjaframework:ninja:2.2.1-SNAPSHOT (/Users/lusirui/Documents/research/PL/Summer/DeFlakerTest/ninja/pom.xml) points at org.ninjaframework:ninja instead of org.sonatype.oss:oss-parent, please verify your project structure @ org.ninjaframework:ninja:2.2.1-SNAPSHOT, /Users/lusirui/Documents/research/PL/Summer/DeFlakerTest/ninja/pom.xml, line 30, column 13
[WARNING] 
[WARNING] Some problems were encountered while building the effective model for org.ninjaframework:ninja-servlet-integration-test:war:2.2.1-SNAPSHOT
[WARNING] 'parent.relativePath' of POM org.ninjaframework:ninja:2.2.1-SNAPSHOT (/Users/lusirui/Documents/research/PL/Summer/DeFlakerTest/ninja/pom.xml) points at org.ninjaframework:ninja instead of org.sonatype.oss:oss-parent, please verify your project structure @ org.ninjaframework:ninja:2.2.1-SNAPSHOT, /Users/lusirui/Documents/research/PL/Summer/DeFlakerTest/ninja/pom.xml, line 30, column 13
[WARNING] 
[WARNING] Some problems were encountered while building the effective model for org.ninjaframework:ninja-servlet-jpa-blog-integration-test:war:2.2.1-SNAPSHOT
[WARNING] 'parent.relativePath' of POM org.ninjaframework:ninja:2.2.1-SNAPSHOT (/Users/lusirui/Documents/research/PL/Summer/DeFlakerTest/ninja/pom.xml) points at org.ninjaframework:ninja instead of org.sonatype.oss:oss-parent, please verify your project structure @ org.ninjaframework:ninja:2.2.1-SNAPSHOT, /Users/lusirui/Documents/research/PL/Summer/DeFlakerTest/ninja/pom.xml, line 30, column 13
[WARNING] 
[WARNING] Some problems were encountered while building the effective model for org.ninjaframework:ninja-servlet-jpa-blog-archetype:maven-archetype:2.2.1-SNAPSHOT
[WARNING] 'parent.relativePath' of POM org.ninjaframework:ninja:2.2.1-SNAPSHOT (/Users/lusirui/Documents/research/PL/Summer/DeFlakerTest/ninja/pom.xml) points at org.ninjaframework:ninja instead of org.sonatype.oss:oss-parent, please verify your project structure @ org.ninjaframework:ninja:2.2.1-SNAPSHOT, /Users/lusirui/Documents/research/PL/Summer/DeFlakerTest/ninja/pom.xml, line 30, column 13
[WARNING] 
[WARNING] Some problems were encountered while building the effective model for org.ninjaframework:ninja-maven-plugin:maven-plugin:2.2.1-SNAPSHOT
[WARNING] 'parent.relativePath' of POM org.ninjaframework:ninja:2.2.1-SNAPSHOT (/Users/lusirui/Documents/research/PL/Summer/DeFlakerTest/ninja/pom.xml) points at org.ninjaframework:ninja instead of org.sonatype.oss:oss-parent, please verify your project structure @ org.ninjaframework:ninja:2.2.1-SNAPSHOT, /Users/lusirui/Documents/research/PL/Summer/DeFlakerTest/ninja/pom.xml, line 30, column 13
[WARNING] 
[WARNING] Some problems were encountered while building the effective model for org.ninjaframework:ninja:pom:2.2.1-SNAPSHOT
[WARNING] 'parent.relativePath' of POM org.ninjaframework:ninja:2.2.1-SNAPSHOT (/Users/lusirui/Documents/research/PL/Summer/DeFlakerTest/ninja/pom.xml) points at org.ninjaframework:ninja instead of org.sonatype.oss:oss-parent, please verify your project structure @ line 30, column 13
[WARNING] 
[WARNING] It is highly recommended to fix these problems because they threaten the stability of your build.
[WARNING] 
[WARNING] For this reason, future Maven versions might no longer support building such malformed projects.
[WARNING] 
Deflaker, version 1.4 loading...
Warning: Deflaker disabling incompatible org.apache.maven.plugins:maven-enforcer-plugin from ninja
Warning: Deflaker disabling incompatible org.apache.maven.plugins:maven-enforcer-plugin from ninja-core
Warning: Deflaker disabling incompatible org.apache.maven.plugins:maven-enforcer-plugin from ninja-servlet
Warning: Deflaker disabling incompatible org.apache.maven.plugins:maven-enforcer-plugin from ninja-standalone
Warning: Deflaker disabling incompatible org.apache.maven.plugins:maven-enforcer-plugin from ninja-test-utilities
Warning: Deflaker disabling incompatible org.apache.maven.plugins:maven-enforcer-plugin from ninja-maven-plugin
Warning: Deflaker disabling incompatible org.apache.maven.plugins:maven-enforcer-plugin from ninja-servlet-integration-test
Warning: Deflaker disabling incompatible org.apache.maven.plugins:maven-enforcer-plugin from ninja-servlet-jpa-blog-integration-test
Warning: Deflaker disabling incompatible org.apache.maven.plugins:maven-enforcer-plugin from ninja-servlet-jpa-blog-archetype
[INFO] ------------------------------------------------------------------------
[INFO] Reactor Build Order:
[INFO] 
[INFO] ninja
[INFO] ninja-core
[INFO] ninja-servlet
[INFO] ninja-standalone
[INFO] ninja-test-utilities
[INFO] ninja-maven-plugin
[INFO] ninja-servlet-integration-test
[INFO] ninja-servlet-jpa-blog-integration-test
[INFO] ninja-servlet-jpa-blog-archetype
[INFO]                                                                         
[INFO] ------------------------------------------------------------------------
[INFO] Building ninja 2.2.1-SNAPSHOT
[INFO] ------------------------------------------------------------------------
[INFO]                                                                         
[INFO] ------------------------------------------------------------------------
[INFO] Building ninja-core 2.2.1-SNAPSHOT
[INFO] ------------------------------------------------------------------------
[INFO] 
[INFO] --- maven-resources-plugin:2.6:resources (default-resources) @ ninja-core ---
[INFO] Using 'UTF-8' encoding to copy filtered resources.
[INFO] Copying 135 resources
[INFO] Copying 1 resource
[INFO] 
[INFO] --- maven-compiler-plugin:3.1:compile (default-compile) @ ninja-core ---
[INFO] Nothing to compile - all classes are up to date
[INFO] 
[INFO] --- maven-resources-plugin:2.6:testResources (default-testResources) @ ninja-core ---
[INFO] Using 'UTF-8' encoding to copy filtered resources.
[INFO] Copying 8 resources
[INFO] 
[INFO] --- deflaker-maven-plugin:1.4:diff (deflaker-diff) @ ninja-core ---
/Users/lusirui/Documents/research/PL/Summer/DeFlakerTest/ninja/.git DIFF'ing to HEAD
Diff'ing 6e95db5126e82c117eb04cc68084e5c7c7528679 against: 8abc6f11470b8876e7fe9b2aaa53769ba766bbb3
ninja/i18n/MessagesImpl : [Edit [start=39, end=39], Edit [start=60, end=60], Edit [start=84, end=88], Edit [start=135, end=137], Edit [start=140, end=140], Edit [start=142, end=144], Edit [start=309, end=316]]
	 Methods to watch:[]
ninja/i18n/MessagesImplTest : [Edit [start=57, end=58], Edit [start=61, end=63], Edit [start=66, end=67], Edit [start=70, end=70], Edit [start=119, end=122], Edit [start=125, end=126], Edit [start=129, end=130], Edit [start=139, end=141], Edit [start=145, end=145], Edit [start=147, end=147], Edit [start=149, end=149], Edit [start=153, end=153], Edit [start=155, end=155], Edit [start=302, end=303], Edit [start=306, end=306]]
	 Methods to watch:[]
ninja/i18n/LangImplTest : [Edit [start=38, end=39], Edit [start=53, end=57], Edit [start=145, end=193]]
	 Methods to watch:[]
ninja/i18n/LangImpl : [Edit [start=32, end=32], Edit [start=44, end=45], Edit [start=50, end=50], Edit [start=55, end=56], Edit [start=186, end=223]]
	 Methods to watch:[]
ninja/i18n/Lang : [Edit [start=26, end=26], Edit [start=78, end=100]]
	 Methods to watch:[]
[INFO] 
[INFO] --- maven-compiler-plugin:3.1:testCompile (default-testCompile) @ ninja-core ---
[INFO] Nothing to compile - all classes are up to date
[INFO] 
[INFO] --- maven-surefire-plugin:2.18:test (default-test) @ ninja-core ---
[INFO] Surefire report directory: /Users/lusirui/Documents/research/PL/Summer/DeFlakerTest/ninja/ninja-core/target/surefire-reports
[INFO] Using configured provider org.deflaker.surefire.ReExecJunit4Provider
[INFO] parallel='none', perCoreThreadCount=true, threadCount=0, useUnlimitedThreads=false, threadCountSuites=0, threadCountClasses=0, threadCountMethods=0, parallelOptimized=true

-------------------------------------------------------
 T E S T S
-------------------------------------------------------
Running ninja.SecureFilterTest
Tests run: 3, Failures: 0, Errors: 0, Skipped: 0, Time elapsed: 0.152 sec - in ninja.SecureFilterTest
Running ninja.cache.CacheProviderTest
11:41:25.752 [main] DEBUG o.a.c.c.PropertiesConfiguration - FileName set to conf/application.conf
11:41:25.756 [main] DEBUG o.a.c.c.ConfigurationUtils - ConfigurationUtils.locate(): base is null, name is conf/application.conf
11:41:25.756 [main] DEBUG o.a.c.c.DefaultFileSystem - Could not locate file conf/application.conf at null: no protocol: conf/application.conf
11:41:25.760 [main] DEBUG o.a.c.c.ConfigurationUtils - Loading configuration from the context classpath (conf/application.conf)
11:41:25.760 [main] DEBUG o.a.c.c.PropertiesConfiguration - Base path set to file:///Users/lusirui/Documents/research/PL/Summer/DeFlakerTest/ninja/ninja-core/target/test-classes/conf/application.conf
11:41:26.022 [main] INFO  Ninja - Using default eh cache implementation. (class ninja.cache.CacheEhCacheImpl) 
11:41:26.036 [main] WARN  n.s.e.config.ConfigurationFactory - No configuration found. Configuring ehcache from ehcache-failsafe.xml  found in the classpath: jar:file:/Users/lusirui/.m2/repository/net/sf/ehcache/ehcache/2.7.4/ehcache-2.7.4.jar!/ehcache-failsafe.xml
11:41:26.037 [main] DEBUG n.s.e.config.ConfigurationFactory - Configuring ehcache from URL: jar:file:/Users/lusirui/.m2/repository/net/sf/ehcache/ehcache/2.7.4/ehcache-2.7.4.jar!/ehcache-failsafe.xml
11:41:26.038 [main] DEBUG n.s.e.config.ConfigurationFactory - Configuring ehcache from InputStream
11:41:26.082 [main] DEBUG net.sf.ehcache.config.BeanHandler - Ignoring ehcache attribute xmlns:xsi
11:41:26.083 [main] DEBUG net.sf.ehcache.config.BeanHandler - Ignoring ehcache attribute xsi:noNamespaceSchemaLocation
11:41:26.084 [main] DEBUG n.s.e.config.DiskStoreConfiguration - Disk Store Path: /var/folders/1v/3r59ssd5287fp3hnyzg9s2sh0000gn/T/
11:41:26.096 [main] DEBUG net.sf.ehcache.CacheManager - Creating new CacheManager with default config
11:41:26.100 [main] DEBUG net.sf.ehcache.util.PropertyUtil - propertiesString is null.
11:41:26.111 [main] DEBUG n.s.e.config.ConfigurationHelper - No CacheManagerEventListenerFactory class specified. Skipping...
11:41:26.151 [main] DEBUG net.sf.ehcache.Cache - No BootstrapCacheLoaderFactory class specified. Skipping...
11:41:26.151 [main] DEBUG net.sf.ehcache.Cache - CacheWriter factory not configured. Skipping...
11:41:26.152 [main] DEBUG n.s.e.config.ConfigurationHelper - No CacheExceptionHandlerFactory class specified. Skipping...
11:41:26.175 [main] DEBUG net.sf.ehcache.DiskStorePathManager - Using diskstore path /var/folders/1v/3r59ssd5287fp3hnyzg9s2sh0000gn/T
11:41:26.175 [main] DEBUG net.sf.ehcache.DiskStorePathManager - Holding exclusive lock on /var/folders/1v/3r59ssd5287fp3hnyzg9s2sh0000gn/T/.ehcache-diskstore.lock
11:41:26.175 [main] DEBUG n.s.e.store.disk.DiskStorageFactory - Failed to delete file ninja.index
11:41:26.180 [main] DEBUG n.s.e.store.disk.DiskStorageFactory - Matching data file missing (or empty) for index file. Deleting index file /var/folders/1v/3r59ssd5287fp3hnyzg9s2sh0000gn/T/ninja.index
11:41:26.181 [main] DEBUG n.s.e.store.disk.DiskStorageFactory - Failed to delete file ninja.index
11:41:26.211 [main] DEBUG n.s.e.s.e.ExtendedStatisticsImpl - Mocking Pass-Through Statistic: LOCAL_OFFHEAP_SIZE
11:41:26.212 [main] DEBUG n.s.e.s.e.ExtendedStatisticsImpl - Mocking Pass-Through Statistic: LOCAL_OFFHEAP_SIZE_BYTES
11:41:26.213 [main] DEBUG n.s.e.s.e.ExtendedStatisticsImpl - Mocking Pass-Through Statistic: WRITER_QUEUE_LENGTH
11:41:26.213 [main] DEBUG n.s.e.s.e.ExtendedStatisticsImpl - Mocking Pass-Through Statistic: REMOTE_SIZE
11:41:26.213 [main] DEBUG n.s.e.s.e.ExtendedStatisticsImpl - Mocking Pass-Through Statistic: LAST_REJOIN_TIMESTAMP
11:41:26.220 [main] DEBUG n.s.e.s.e.ExtendedStatisticsImpl - Mocking Operation Statistic: OFFHEAP_GET
11:41:26.220 [main] DEBUG n.s.e.s.e.ExtendedStatisticsImpl - Mocking Operation Statistic: OFFHEAP_PUT
11:41:26.221 [main] DEBUG n.s.e.s.e.ExtendedStatisticsImpl - Mocking Operation Statistic: OFFHEAP_REMOVE
11:41:26.221 [main] DEBUG n.s.e.s.e.ExtendedStatisticsImpl - Mocking Operation Statistic: XA_COMMIT
11:41:26.221 [main] DEBUG n.s.e.s.e.ExtendedStatisticsImpl - Mocking Operation Statistic: XA_ROLLBACK
11:41:26.222 [main] DEBUG n.s.e.s.e.ExtendedStatisticsImpl - Mocking Operation Statistic: XA_RECOVERY
11:41:26.222 [main] DEBUG n.s.e.s.e.ExtendedStatisticsImpl - Mocking Operation Statistic: CLUSTER_EVENT
11:41:26.222 [main] DEBUG n.s.e.s.e.ExtendedStatisticsImpl - Mocking Operation Statistic: NONSTOP
11:41:26.225 [main] DEBUG net.sf.ehcache.Cache - Initialised cache: ninja
11:41:26.225 [main] DEBUG n.s.e.config.ConfigurationHelper - CacheDecoratorFactory not configured for defaultCache. Skipping for 'ninja'.
11:41:26.226 [main] DEBUG o.a.c.c.PropertiesConfiguration - FileName set to conf/application.conf
11:41:26.226 [main] DEBUG o.a.c.c.ConfigurationUtils - ConfigurationUtils.locate(): base is null, name is conf/application.conf
11:41:26.226 [main] DEBUG o.a.c.c.DefaultFileSystem - Could not locate file conf/application.conf at null: no protocol: conf/application.conf
11:41:26.226 [main] DEBUG o.a.c.c.ConfigurationUtils - Loading configuration from the context classpath (conf/application.conf)
11:41:26.226 [main] DEBUG o.a.c.c.PropertiesConfiguration - Base path set to file:///Users/lusirui/Documents/research/PL/Summer/DeFlakerTest/ninja/ninja-core/target/test-classes/conf/application.conf
11:41:26.238 [main] DEBUG o.a.c.c.PropertiesConfiguration - FileName set to conf/application.conf
11:41:26.238 [main] DEBUG o.a.c.c.ConfigurationUtils - ConfigurationUtils.locate(): base is null, name is conf/application.conf
11:41:26.238 [main] DEBUG o.a.c.c.DefaultFileSystem - Could not locate file conf/application.conf at null: no protocol: conf/application.conf
11:41:26.238 [main] DEBUG o.a.c.c.ConfigurationUtils - Loading configuration from the context classpath (conf/application.conf)
11:41:26.238 [main] DEBUG o.a.c.c.PropertiesConfiguration - Base path set to file:///Users/lusirui/Documents/research/PL/Summer/DeFlakerTest/ninja/ninja-core/target/test-classes/conf/application.conf
11:41:26.247 [main] INFO  Ninja - Using the class ninja.cache.CacheMemcachedImpl as implementation for caching.
11:41:26.293 [main] INFO  n.spy.memcached.MemcachedConnection - Added {QA sa=/127.0.0.1:1234, #Rops=0, #Wops=0, #iq=0, topRop=null, topWop=null, toWrite=0, interested=0} to connect queue
Tests run: 3, Failures: 0, Errors: 0, Skipped: 0, Time elapsed: 0.612 sec - in ninja.cache.CacheProviderTest
Running ninja.AssetsControllerTest
11:41:26.295 [Memcached IO over {MemcachedConnection to /127.0.0.1:1234}] DEBUG n.spy.memcached.MemcachedConnection - Done dealing with queue.
11:41:26.295 [Memcached IO over {MemcachedConnection to /127.0.0.1:1234}] DEBUG n.spy.memcached.MemcachedConnection - Selecting with delay of 0ms
11:41:26.295 [Memcached IO over {MemcachedConnection to /127.0.0.1:1234}] DEBUG n.spy.memcached.MemcachedConnection - Checked the selectors.
11:41:26.297 [Memcached IO over {MemcachedConnection to /127.0.0.1:1234}] DEBUG n.spy.memcached.MemcachedConnection - Selected 1, selected 1 keys
11:41:26.298 [Memcached IO over {MemcachedConnection to /127.0.0.1:1234}] DEBUG n.spy.memcached.MemcachedConnection - Handling IO for:  sun.nio.ch.SelectionKeyImpl@106cc338 (r=false, w=false, c=true, op={QA sa=/127.0.0.1:1234, #Rops=0, #Wops=0, #iq=0, topRop=null, topWop=null, toWrite=0, interested=8})
11:41:26.298 [Memcached IO over {MemcachedConnection to /127.0.0.1:1234}] INFO  n.spy.memcached.MemcachedConnection - Connection state changed for sun.nio.ch.SelectionKeyImpl@106cc338
11:41:26.307 [Memcached IO over {MemcachedConnection to /127.0.0.1:1234}] INFO  n.spy.memcached.MemcachedConnection - Reconnecting due to failure to connect to {QA sa=/127.0.0.1:1234, #Rops=0, #Wops=0, #iq=0, topRop=null, topWop=null, toWrite=0, interested=0}
java.net.ConnectException: Connection refused
	at sun.nio.ch.SocketChannelImpl.checkConnect(Native Method) ~[na:1.8.0_162]
	at sun.nio.ch.SocketChannelImpl.finishConnect(SocketChannelImpl.java:717) ~[na:1.8.0_162]
	at net.spy.memcached.MemcachedConnection.handleIO(MemcachedConnection.java:422) [spymemcached-2.9.0.jar:2.9.0]
	at net.spy.memcached.MemcachedConnection.handleIO(MemcachedConnection.java:260) [spymemcached-2.9.0.jar:2.9.0]
	at net.spy.memcached.MemcachedConnection.run(MemcachedConnection.java:940) [spymemcached-2.9.0.jar:2.9.0]
11:41:26.307 [Memcached IO over {MemcachedConnection to /127.0.0.1:1234}] WARN  n.spy.memcached.MemcachedConnection - Closing, and reopening {QA sa=/127.0.0.1:1234, #Rops=0, #Wops=0, #iq=0, topRop=null, topWop=null, toWrite=0, interested=0}, attempt 1.
11:41:26.308 [Memcached IO over {MemcachedConnection to /127.0.0.1:1234}] DEBUG n.s.m.p.ascii.AsciiMemcachedNodeImpl - Selection key is not valid.
11:41:26.309 [Memcached IO over {MemcachedConnection to /127.0.0.1:1234}] DEBUG n.spy.memcached.MemcachedConnection - Done dealing with queue.
11:41:26.309 [Memcached IO over {MemcachedConnection to /127.0.0.1:1234}] DEBUG n.spy.memcached.MemcachedConnection - Selecting with delay of 3998ms
11:41:26.310 [Memcached IO over {MemcachedConnection to /127.0.0.1:1234}] DEBUG n.spy.memcached.MemcachedConnection - Checked the selectors.
Tests run: 3, Failures: 0, Errors: 0, Skipped: 0, Time elapsed: 0.024 sec - in ninja.AssetsControllerTest
Running ninja.CookieTest
Tests run: 3, Failures: 0, Errors: 0, Skipped: 0, Time elapsed: 0 sec - in ninja.CookieTest
Running ninja.ResultsTest
Tests run: 17, Failures: 0, Errors: 0, Skipped: 0, Time elapsed: 0.003 sec - in ninja.ResultsTest
Running ninja.ResultTest
Tests run: 20, Failures: 0, Errors: 0, Skipped: 0, Time elapsed: 0.018 sec - in ninja.ResultTest
Running ninja.template.TemplateEngineJsonPTest
Tests run: 3, Failures: 0, Errors: 0, Skipped: 0, Time elapsed: 0.116 sec - in ninja.template.TemplateEngineJsonPTest
Running ninja.template.TemplateEngineManagerImplTest
11:41:26.466 [main] DEBUG o.a.c.c.PropertiesConfiguration - FileName set to conf/application.conf
11:41:26.466 [main] DEBUG o.a.c.c.ConfigurationUtils - ConfigurationUtils.locate(): base is null, name is conf/application.conf
11:41:26.466 [main] DEBUG o.a.c.c.DefaultFileSystem - Could not locate file conf/application.conf at null: no protocol: conf/application.conf
11:41:26.466 [main] DEBUG o.a.c.c.ConfigurationUtils - Loading configuration from the context classpath (conf/application.conf)
11:41:26.466 [main] DEBUG o.a.c.c.PropertiesConfiguration - Base path set to file:///Users/lusirui/Documents/research/PL/Summer/DeFlakerTest/ninja/ninja-core/target/test-classes/conf/application.conf
11:41:26.476 [main] DEBUG o.a.c.c.PropertiesConfiguration - FileName set to conf/messages.properties
11:41:26.476 [main] DEBUG o.a.c.c.ConfigurationUtils - ConfigurationUtils.locate(): base is null, name is conf/messages.properties
11:41:26.476 [main] DEBUG o.a.c.c.DefaultFileSystem - Could not locate file conf/messages.properties at null: no protocol: conf/messages.properties
11:41:26.476 [main] DEBUG o.a.c.c.ConfigurationUtils - Loading configuration from the context classpath (conf/messages.properties)
11:41:26.476 [main] DEBUG o.a.c.c.PropertiesConfiguration - Base path set to file:///Users/lusirui/Documents/research/PL/Summer/DeFlakerTest/ninja/ninja-core/target/test-classes/conf/messages.properties
11:41:26.476 [main] DEBUG o.a.c.c.PropertiesConfiguration - FileName set to conf/messages_en.properties
11:41:26.476 [main] DEBUG o.a.c.c.ConfigurationUtils - ConfigurationUtils.locate(): base is null, name is conf/messages_en.properties
11:41:26.476 [main] DEBUG o.a.c.c.DefaultFileSystem - Could not locate file conf/messages_en.properties at null: no protocol: conf/messages_en.properties
11:41:26.476 [main] DEBUG o.a.c.c.ConfigurationUtils - Loading configuration from the context classpath (conf/messages_en.properties)
11:41:26.476 [main] DEBUG o.a.c.c.PropertiesConfiguration - Base path set to file:///Users/lusirui/Documents/research/PL/Summer/DeFlakerTest/ninja/ninja-core/target/test-classes/conf/messages_en.properties
11:41:26.477 [main] DEBUG o.a.c.c.PropertiesConfiguration - FileName set to conf/messages_de.properties
11:41:26.477 [main] DEBUG o.a.c.c.ConfigurationUtils - ConfigurationUtils.locate(): base is null, name is conf/messages_de.properties
11:41:26.477 [main] DEBUG o.a.c.c.DefaultFileSystem - Could not locate file conf/messages_de.properties at null: no protocol: conf/messages_de.properties
11:41:26.477 [main] DEBUG o.a.c.c.ConfigurationUtils - Loading configuration from the context classpath (conf/messages_de.properties)
11:41:26.477 [main] DEBUG o.a.c.c.PropertiesConfiguration - Base path set to file:///Users/lusirui/Documents/research/PL/Summer/DeFlakerTest/ninja/ninja-core/target/test-classes/conf/messages_de.properties
11:41:26.478 [main] DEBUG o.a.c.c.PropertiesConfiguration - FileName set to conf/messages_fr-FR.properties
11:41:26.478 [main] DEBUG o.a.c.c.ConfigurationUtils - ConfigurationUtils.locate(): base is null, name is conf/messages_fr-FR.properties
11:41:26.478 [main] DEBUG o.a.c.c.DefaultFileSystem - Could not locate file conf/messages_fr-FR.properties at null: no protocol: conf/messages_fr-FR.properties
11:41:26.478 [main] DEBUG o.a.c.c.ConfigurationUtils - Loading configuration from the context classpath (conf/messages_fr-FR.properties)
11:41:26.478 [main] DEBUG o.a.c.c.PropertiesConfiguration - Base path set to file:///Users/lusirui/Documents/research/PL/Summer/DeFlakerTest/ninja/ninja-core/target/test-classes/conf/messages_fr-FR.properties
11:41:26.478 [main] DEBUG o.a.c.c.PropertiesConfiguration - FileName set to conf/messages_fr.properties
11:41:26.478 [main] DEBUG o.a.c.c.ConfigurationUtils - ConfigurationUtils.locate(): base is null, name is conf/messages_fr.properties
11:41:26.478 [main] DEBUG o.a.c.c.DefaultFileSystem - Could not locate file conf/messages_fr.properties at null: no protocol: conf/messages_fr.properties
11:41:26.480 [main] INFO  ninja.utils.SwissKnife - Could not load file conf/messages_fr.properties (not a bad thing necessarily, but I am returing null)
11:41:26.538 [main] DEBUG o.a.c.c.PropertiesConfiguration - FileName set to conf/application.conf
11:41:26.538 [main] DEBUG o.a.c.c.ConfigurationUtils - ConfigurationUtils.locate(): base is null, name is conf/application.conf
11:41:26.538 [main] DEBUG o.a.c.c.DefaultFileSystem - Could not locate file conf/application.conf at null: no protocol: conf/application.conf
11:41:26.538 [main] DEBUG o.a.c.c.ConfigurationUtils - Loading configuration from the context classpath (conf/application.conf)
11:41:26.538 [main] DEBUG o.a.c.c.PropertiesConfiguration - Base path set to file:///Users/lusirui/Documents/research/PL/Summer/DeFlakerTest/ninja/ninja-core/target/test-classes/conf/application.conf
11:41:26.541 [main] DEBUG o.a.c.c.PropertiesConfiguration - FileName set to conf/messages.properties
11:41:26.541 [main] DEBUG o.a.c.c.ConfigurationUtils - ConfigurationUtils.locate(): base is null, name is conf/messages.properties
11:41:26.541 [main] DEBUG o.a.c.c.DefaultFileSystem - Could not locate file conf/messages.properties at null: no protocol: conf/messages.properties
11:41:26.541 [main] DEBUG o.a.c.c.ConfigurationUtils - Loading configuration from the context classpath (conf/messages.properties)
11:41:26.541 [main] DEBUG o.a.c.c.PropertiesConfiguration - Base path set to file:///Users/lusirui/Documents/research/PL/Summer/DeFlakerTest/ninja/ninja-core/target/test-classes/conf/messages.properties
11:41:26.542 [main] DEBUG o.a.c.c.PropertiesConfiguration - FileName set to conf/messages_en.properties
11:41:26.542 [main] DEBUG o.a.c.c.ConfigurationUtils - ConfigurationUtils.locate(): base is null, name is conf/messages_en.properties
11:41:26.542 [main] DEBUG o.a.c.c.DefaultFileSystem - Could not locate file conf/messages_en.properties at null: no protocol: conf/messages_en.properties
11:41:26.542 [main] DEBUG o.a.c.c.ConfigurationUtils - Loading configuration from the context classpath (conf/messages_en.properties)
11:41:26.542 [main] DEBUG o.a.c.c.PropertiesConfiguration - Base path set to file:///Users/lusirui/Documents/research/PL/Summer/DeFlakerTest/ninja/ninja-core/target/test-classes/conf/messages_en.properties
11:41:26.542 [main] DEBUG o.a.c.c.PropertiesConfiguration - FileName set to conf/messages_de.properties
11:41:26.542 [main] DEBUG o.a.c.c.ConfigurationUtils - ConfigurationUtils.locate(): base is null, name is conf/messages_de.properties
11:41:26.542 [main] DEBUG o.a.c.c.DefaultFileSystem - Could not locate file conf/messages_de.properties at null: no protocol: conf/messages_de.properties
11:41:26.542 [main] DEBUG o.a.c.c.ConfigurationUtils - Loading configuration from the context classpath (conf/messages_de.properties)
11:41:26.542 [main] DEBUG o.a.c.c.PropertiesConfiguration - Base path set to file:///Users/lusirui/Documents/research/PL/Summer/DeFlakerTest/ninja/ninja-core/target/test-classes/conf/messages_de.properties
11:41:26.543 [main] DEBUG o.a.c.c.PropertiesConfiguration - FileName set to conf/messages_fr-FR.properties
11:41:26.543 [main] DEBUG o.a.c.c.ConfigurationUtils - ConfigurationUtils.locate(): base is null, name is conf/messages_fr-FR.properties
11:41:26.543 [main] DEBUG o.a.c.c.DefaultFileSystem - Could not locate file conf/messages_fr-FR.properties at null: no protocol: conf/messages_fr-FR.properties
11:41:26.543 [main] DEBUG o.a.c.c.ConfigurationUtils - Loading configuration from the context classpath (conf/messages_fr-FR.properties)
11:41:26.543 [main] DEBUG o.a.c.c.PropertiesConfiguration - Base path set to file:///Users/lusirui/Documents/research/PL/Summer/DeFlakerTest/ninja/ninja-core/target/test-classes/conf/messages_fr-FR.properties
11:41:26.543 [main] DEBUG o.a.c.c.PropertiesConfiguration - FileName set to conf/messages_fr.properties
11:41:26.543 [main] DEBUG o.a.c.c.ConfigurationUtils - ConfigurationUtils.locate(): base is null, name is conf/messages_fr.properties
11:41:26.543 [main] DEBUG o.a.c.c.DefaultFileSystem - Could not locate file conf/messages_fr.properties at null: no protocol: conf/messages_fr.properties
11:41:26.544 [main] INFO  ninja.utils.SwissKnife - Could not load file conf/messages_fr.properties (not a bad thing necessarily, but I am returing null)
11:41:26.546 [main] DEBUG o.a.c.c.PropertiesConfiguration - FileName set to conf/application.conf
11:41:26.546 [main] DEBUG o.a.c.c.ConfigurationUtils - ConfigurationUtils.locate(): base is null, name is conf/application.conf
11:41:26.546 [main] DEBUG o.a.c.c.DefaultFileSystem - Could not locate file conf/application.conf at null: no protocol: conf/application.conf
11:41:26.546 [main] DEBUG o.a.c.c.ConfigurationUtils - Loading configuration from the context classpath (conf/application.conf)
11:41:26.546 [main] DEBUG o.a.c.c.PropertiesConfiguration - Base path set to file:///Users/lusirui/Documents/research/PL/Summer/DeFlakerTest/ninja/ninja-core/target/test-classes/conf/application.conf
11:41:26.550 [main] DEBUG o.a.c.c.PropertiesConfiguration - FileName set to conf/messages.properties
11:41:26.550 [main] DEBUG o.a.c.c.ConfigurationUtils - ConfigurationUtils.locate(): base is null, name is conf/messages.properties
11:41:26.550 [main] DEBUG o.a.c.c.DefaultFileSystem - Could not locate file conf/messages.properties at null: no protocol: conf/messages.properties
11:41:26.550 [main] DEBUG o.a.c.c.ConfigurationUtils - Loading configuration from the context classpath (conf/messages.properties)
11:41:26.550 [main] DEBUG o.a.c.c.PropertiesConfiguration - Base path set to file:///Users/lusirui/Documents/research/PL/Summer/DeFlakerTest/ninja/ninja-core/target/test-classes/conf/messages.properties
11:41:26.550 [main] DEBUG o.a.c.c.PropertiesConfiguration - FileName set to conf/messages_en.properties
11:41:26.550 [main] DEBUG o.a.c.c.ConfigurationUtils - ConfigurationUtils.locate(): base is null, name is conf/messages_en.properties
11:41:26.550 [main] DEBUG o.a.c.c.DefaultFileSystem - Could not locate file conf/messages_en.properties at null: no protocol: conf/messages_en.properties
11:41:26.550 [main] DEBUG o.a.c.c.ConfigurationUtils - Loading configuration from the context classpath (conf/messages_en.properties)
11:41:26.551 [main] DEBUG o.a.c.c.PropertiesConfiguration - Base path set to file:///Users/lusirui/Documents/research/PL/Summer/DeFlakerTest/ninja/ninja-core/target/test-classes/conf/messages_en.properties
11:41:26.551 [main] DEBUG o.a.c.c.PropertiesConfiguration - FileName set to conf/messages_de.properties
11:41:26.551 [main] DEBUG o.a.c.c.ConfigurationUtils - ConfigurationUtils.locate(): base is null, name is conf/messages_de.properties
11:41:26.551 [main] DEBUG o.a.c.c.DefaultFileSystem - Could not locate file conf/messages_de.properties at null: no protocol: conf/messages_de.properties
11:41:26.551 [main] DEBUG o.a.c.c.ConfigurationUtils - Loading configuration from the context classpath (conf/messages_de.properties)
11:41:26.551 [main] DEBUG o.a.c.c.PropertiesConfiguration - Base path set to file:///Users/lusirui/Documents/research/PL/Summer/DeFlakerTest/ninja/ninja-core/target/test-classes/conf/messages_de.properties
11:41:26.551 [main] DEBUG o.a.c.c.PropertiesConfiguration - FileName set to conf/messages_fr-FR.properties
11:41:26.551 [main] DEBUG o.a.c.c.ConfigurationUtils - ConfigurationUtils.locate(): base is null, name is conf/messages_fr-FR.properties
11:41:26.551 [main] DEBUG o.a.c.c.DefaultFileSystem - Could not locate file conf/messages_fr-FR.properties at null: no protocol: conf/messages_fr-FR.properties
11:41:26.551 [main] DEBUG o.a.c.c.ConfigurationUtils - Loading configuration from the context classpath (conf/messages_fr-FR.properties)
11:41:26.551 [main] DEBUG o.a.c.c.PropertiesConfiguration - Base path set to file:///Users/lusirui/Documents/research/PL/Summer/DeFlakerTest/ninja/ninja-core/target/test-classes/conf/messages_fr-FR.properties
11:41:26.552 [main] DEBUG o.a.c.c.PropertiesConfiguration - FileName set to conf/messages_fr.properties
11:41:26.552 [main] DEBUG o.a.c.c.ConfigurationUtils - ConfigurationUtils.locate(): base is null, name is conf/messages_fr.properties
11:41:26.552 [main] DEBUG o.a.c.c.DefaultFileSystem - Could not locate file conf/messages_fr.properties at null: no protocol: conf/messages_fr.properties
11:41:26.552 [main] INFO  ninja.utils.SwissKnife - Could not load file conf/messages_fr.properties (not a bad thing necessarily, but I am returing null)
11:41:26.554 [main] DEBUG o.a.c.c.PropertiesConfiguration - FileName set to conf/application.conf
11:41:26.554 [main] DEBUG o.a.c.c.ConfigurationUtils - ConfigurationUtils.locate(): base is null, name is conf/application.conf
11:41:26.554 [main] DEBUG o.a.c.c.DefaultFileSystem - Could not locate file conf/application.conf at null: no protocol: conf/application.conf
11:41:26.554 [main] DEBUG o.a.c.c.ConfigurationUtils - Loading configuration from the context classpath (conf/application.conf)
11:41:26.554 [main] DEBUG o.a.c.c.PropertiesConfiguration - Base path set to file:///Users/lusirui/Documents/research/PL/Summer/DeFlakerTest/ninja/ninja-core/target/test-classes/conf/application.conf
11:41:26.557 [main] DEBUG o.a.c.c.PropertiesConfiguration - FileName set to conf/messages.properties
11:41:26.558 [main] DEBUG o.a.c.c.ConfigurationUtils - ConfigurationUtils.locate(): base is null, name is conf/messages.properties
11:41:26.558 [main] DEBUG o.a.c.c.DefaultFileSystem - Could not locate file conf/messages.properties at null: no protocol: conf/messages.properties
11:41:26.558 [main] DEBUG o.a.c.c.ConfigurationUtils - Loading configuration from the context classpath (conf/messages.properties)
11:41:26.558 [main] DEBUG o.a.c.c.PropertiesConfiguration - Base path set to file:///Users/lusirui/Documents/research/PL/Summer/DeFlakerTest/ninja/ninja-core/target/test-classes/conf/messages.properties
11:41:26.558 [main] DEBUG o.a.c.c.PropertiesConfiguration - FileName set to conf/messages_en.properties
11:41:26.558 [main] DEBUG o.a.c.c.ConfigurationUtils - ConfigurationUtils.locate(): base is null, name is conf/messages_en.properties
11:41:26.558 [main] DEBUG o.a.c.c.DefaultFileSystem - Could not locate file conf/messages_en.properties at null: no protocol: conf/messages_en.properties
11:41:26.558 [main] DEBUG o.a.c.c.ConfigurationUtils - Loading configuration from the context classpath (conf/messages_en.properties)
11:41:26.558 [main] DEBUG o.a.c.c.PropertiesConfiguration - Base path set to file:///Users/lusirui/Documents/research/PL/Summer/DeFlakerTest/ninja/ninja-core/target/test-classes/conf/messages_en.properties
11:41:26.559 [main] DEBUG o.a.c.c.PropertiesConfiguration - FileName set to conf/messages_de.properties
11:41:26.559 [main] DEBUG o.a.c.c.ConfigurationUtils - ConfigurationUtils.locate(): base is null, name is conf/messages_de.properties
11:41:26.559 [main] DEBUG o.a.c.c.DefaultFileSystem - Could not locate file conf/messages_de.properties at null: no protocol: conf/messages_de.properties
11:41:26.559 [main] DEBUG o.a.c.c.ConfigurationUtils - Loading configuration from the context classpath (conf/messages_de.properties)
11:41:26.559 [main] DEBUG o.a.c.c.PropertiesConfiguration - Base path set to file:///Users/lusirui/Documents/research/PL/Summer/DeFlakerTest/ninja/ninja-core/target/test-classes/conf/messages_de.properties
11:41:26.559 [main] DEBUG o.a.c.c.PropertiesConfiguration - FileName set to conf/messages_fr-FR.properties
11:41:26.559 [main] DEBUG o.a.c.c.ConfigurationUtils - ConfigurationUtils.locate(): base is null, name is conf/messages_fr-FR.properties
11:41:26.559 [main] DEBUG o.a.c.c.DefaultFileSystem - Could not locate file conf/messages_fr-FR.properties at null: no protocol: conf/messages_fr-FR.properties
11:41:26.559 [main] DEBUG o.a.c.c.ConfigurationUtils - Loading configuration from the context classpath (conf/messages_fr-FR.properties)
11:41:26.559 [main] DEBUG o.a.c.c.PropertiesConfiguration - Base path set to file:///Users/lusirui/Documents/research/PL/Summer/DeFlakerTest/ninja/ninja-core/target/test-classes/conf/messages_fr-FR.properties
11:41:26.560 [main] DEBUG o.a.c.c.PropertiesConfiguration - FileName set to conf/messages_fr.properties
11:41:26.560 [main] DEBUG o.a.c.c.ConfigurationUtils - ConfigurationUtils.locate(): base is null, name is conf/messages_fr.properties
11:41:26.560 [main] DEBUG o.a.c.c.DefaultFileSystem - Could not locate file conf/messages_fr.properties at null: no protocol: conf/messages_fr.properties
11:41:26.560 [main] INFO  ninja.utils.SwissKnife - Could not load file conf/messages_fr.properties (not a bad thing necessarily, but I am returing null)
11:41:26.562 [main] DEBUG o.a.c.c.PropertiesConfiguration - FileName set to conf/application.conf
11:41:26.562 [main] DEBUG o.a.c.c.ConfigurationUtils - ConfigurationUtils.locate(): base is null, name is conf/application.conf
11:41:26.562 [main] DEBUG o.a.c.c.DefaultFileSystem - Could not locate file conf/application.conf at null: no protocol: conf/application.conf
11:41:26.562 [main] DEBUG o.a.c.c.ConfigurationUtils - Loading configuration from the context classpath (conf/application.conf)
11:41:26.562 [main] DEBUG o.a.c.c.PropertiesConfiguration - Base path set to file:///Users/lusirui/Documents/research/PL/Summer/DeFlakerTest/ninja/ninja-core/target/test-classes/conf/application.conf
11:41:26.567 [main] DEBUG o.a.c.c.PropertiesConfiguration - FileName set to conf/messages.properties
11:41:26.567 [main] DEBUG o.a.c.c.ConfigurationUtils - ConfigurationUtils.locate(): base is null, name is conf/messages.properties
11:41:26.567 [main] DEBUG o.a.c.c.DefaultFileSystem - Could not locate file conf/messages.properties at null: no protocol: conf/messages.properties
11:41:26.567 [main] DEBUG o.a.c.c.ConfigurationUtils - Loading configuration from the context classpath (conf/messages.properties)
11:41:26.567 [main] DEBUG o.a.c.c.PropertiesConfiguration - Base path set to file:///Users/lusirui/Documents/research/PL/Summer/DeFlakerTest/ninja/ninja-core/target/test-classes/conf/messages.properties
11:41:26.568 [main] DEBUG o.a.c.c.PropertiesConfiguration - FileName set to conf/messages_en.properties
11:41:26.568 [main] DEBUG o.a.c.c.ConfigurationUtils - ConfigurationUtils.locate(): base is null, name is conf/messages_en.properties
11:41:26.568 [main] DEBUG o.a.c.c.DefaultFileSystem - Could not locate file conf/messages_en.properties at null: no protocol: conf/messages_en.properties
11:41:26.568 [main] DEBUG o.a.c.c.ConfigurationUtils - Loading configuration from the context classpath (conf/messages_en.properties)
11:41:26.568 [main] DEBUG o.a.c.c.PropertiesConfiguration - Base path set to file:///Users/lusirui/Documents/research/PL/Summer/DeFlakerTest/ninja/ninja-core/target/test-classes/conf/messages_en.properties
11:41:26.568 [main] DEBUG o.a.c.c.PropertiesConfiguration - FileName set to conf/messages_de.properties
11:41:26.568 [main] DEBUG o.a.c.c.ConfigurationUtils - ConfigurationUtils.locate(): base is null, name is conf/messages_de.properties
11:41:26.569 [main] DEBUG o.a.c.c.DefaultFileSystem - Could not locate file conf/messages_de.properties at null: no protocol: conf/messages_de.properties
11:41:26.569 [main] DEBUG o.a.c.c.ConfigurationUtils - Loading configuration from the context classpath (conf/messages_de.properties)
11:41:26.569 [main] DEBUG o.a.c.c.PropertiesConfiguration - Base path set to file:///Users/lusirui/Documents/research/PL/Summer/DeFlakerTest/ninja/ninja-core/target/test-classes/conf/messages_de.properties
11:41:26.569 [main] DEBUG o.a.c.c.PropertiesConfiguration - FileName set to conf/messages_fr-FR.properties
11:41:26.569 [main] DEBUG o.a.c.c.ConfigurationUtils - ConfigurationUtils.locate(): base is null, name is conf/messages_fr-FR.properties
11:41:26.569 [main] DEBUG o.a.c.c.DefaultFileSystem - Could not locate file conf/messages_fr-FR.properties at null: no protocol: conf/messages_fr-FR.properties
11:41:26.569 [main] DEBUG o.a.c.c.ConfigurationUtils - Loading configuration from the context classpath (conf/messages_fr-FR.properties)
11:41:26.569 [main] DEBUG o.a.c.c.PropertiesConfiguration - Base path set to file:///Users/lusirui/Documents/research/PL/Summer/DeFlakerTest/ninja/ninja-core/target/test-classes/conf/messages_fr-FR.properties
11:41:26.570 [main] DEBUG o.a.c.c.PropertiesConfiguration - FileName set to conf/messages_fr.properties
11:41:26.570 [main] DEBUG o.a.c.c.ConfigurationUtils - ConfigurationUtils.locate(): base is null, name is conf/messages_fr.properties
11:41:26.570 [main] DEBUG o.a.c.c.DefaultFileSystem - Could not locate file conf/messages_fr.properties at null: no protocol: conf/messages_fr.properties
11:41:26.570 [main] INFO  ninja.utils.SwissKnife - Could not load file conf/messages_fr.properties (not a bad thing necessarily, but I am returing null)
11:41:26.572 [main] DEBUG o.a.c.c.PropertiesConfiguration - FileName set to conf/application.conf
11:41:26.572 [main] DEBUG o.a.c.c.ConfigurationUtils - ConfigurationUtils.locate(): base is null, name is conf/application.conf
11:41:26.572 [main] DEBUG o.a.c.c.DefaultFileSystem - Could not locate file conf/application.conf at null: no protocol: conf/application.conf
11:41:26.572 [main] DEBUG o.a.c.c.ConfigurationUtils - Loading configuration from the context classpath (conf/application.conf)
11:41:26.572 [main] DEBUG o.a.c.c.PropertiesConfiguration - Base path set to file:///Users/lusirui/Documents/research/PL/Summer/DeFlakerTest/ninja/ninja-core/target/test-classes/conf/application.conf
11:41:26.574 [main] DEBUG o.a.c.c.PropertiesConfiguration - FileName set to conf/messages.properties
11:41:26.574 [main] DEBUG o.a.c.c.ConfigurationUtils - ConfigurationUtils.locate(): base is null, name is conf/messages.properties
11:41:26.574 [main] DEBUG o.a.c.c.DefaultFileSystem - Could not locate file conf/messages.properties at null: no protocol: conf/messages.properties
11:41:26.574 [main] DEBUG o.a.c.c.ConfigurationUtils - Loading configuration from the context classpath (conf/messages.properties)
11:41:26.574 [main] DEBUG o.a.c.c.PropertiesConfiguration - Base path set to file:///Users/lusirui/Documents/research/PL/Summer/DeFlakerTest/ninja/ninja-core/target/test-classes/conf/messages.properties
11:41:26.575 [main] DEBUG o.a.c.c.PropertiesConfiguration - FileName set to conf/messages_en.properties
11:41:26.575 [main] DEBUG o.a.c.c.ConfigurationUtils - ConfigurationUtils.locate(): base is null, name is conf/messages_en.properties
11:41:26.575 [main] DEBUG o.a.c.c.DefaultFileSystem - Could not locate file conf/messages_en.properties at null: no protocol: conf/messages_en.properties
11:41:26.575 [main] DEBUG o.a.c.c.ConfigurationUtils - Loading configuration from the context classpath (conf/messages_en.properties)
11:41:26.575 [main] DEBUG o.a.c.c.PropertiesConfiguration - Base path set to file:///Users/lusirui/Documents/research/PL/Summer/DeFlakerTest/ninja/ninja-core/target/test-classes/conf/messages_en.properties
11:41:26.575 [main] DEBUG o.a.c.c.PropertiesConfiguration - FileName set to conf/messages_de.properties
11:41:26.575 [main] DEBUG o.a.c.c.ConfigurationUtils - ConfigurationUtils.locate(): base is null, name is conf/messages_de.properties
11:41:26.576 [main] DEBUG o.a.c.c.DefaultFileSystem - Could not locate file conf/messages_de.properties at null: no protocol: conf/messages_de.properties
11:41:26.576 [main] DEBUG o.a.c.c.ConfigurationUtils - Loading configuration from the context classpath (conf/messages_de.properties)
11:41:26.576 [main] DEBUG o.a.c.c.PropertiesConfiguration - Base path set to file:///Users/lusirui/Documents/research/PL/Summer/DeFlakerTest/ninja/ninja-core/target/test-classes/conf/messages_de.properties
11:41:26.576 [main] DEBUG o.a.c.c.PropertiesConfiguration - FileName set to conf/messages_fr-FR.properties
11:41:26.576 [main] DEBUG o.a.c.c.ConfigurationUtils - ConfigurationUtils.locate(): base is null, name is conf/messages_fr-FR.properties
11:41:26.576 [main] DEBUG o.a.c.c.DefaultFileSystem - Could not locate file conf/messages_fr-FR.properties at null: no protocol: conf/messages_fr-FR.properties
11:41:26.576 [main] DEBUG o.a.c.c.ConfigurationUtils - Loading configuration from the context classpath (conf/messages_fr-FR.properties)
11:41:26.576 [main] DEBUG o.a.c.c.PropertiesConfiguration - Base path set to file:///Users/lusirui/Documents/research/PL/Summer/DeFlakerTest/ninja/ninja-core/target/test-classes/conf/messages_fr-FR.properties
11:41:26.576 [main] DEBUG o.a.c.c.PropertiesConfiguration - FileName set to conf/messages_fr.properties
11:41:26.576 [main] DEBUG o.a.c.c.ConfigurationUtils - ConfigurationUtils.locate(): base is null, name is conf/messages_fr.properties
11:41:26.577 [main] DEBUG o.a.c.c.DefaultFileSystem - Could not locate file conf/messages_fr.properties at null: no protocol: conf/messages_fr.properties
11:41:26.577 [main] INFO  ninja.utils.SwissKnife - Could not load file conf/messages_fr.properties (not a bad thing necessarily, but I am returing null)
11:41:26.578 [main] DEBUG o.a.c.c.PropertiesConfiguration - FileName set to conf/application.conf
11:41:26.578 [main] DEBUG o.a.c.c.ConfigurationUtils - ConfigurationUtils.locate(): base is null, name is conf/application.conf
11:41:26.579 [main] DEBUG o.a.c.c.DefaultFileSystem - Could not locate file conf/application.conf at null: no protocol: conf/application.conf
11:41:26.579 [main] DEBUG o.a.c.c.ConfigurationUtils - Loading configuration from the context classpath (conf/application.conf)
11:41:26.579 [main] DEBUG o.a.c.c.PropertiesConfiguration - Base path set to file:///Users/lusirui/Documents/research/PL/Summer/DeFlakerTest/ninja/ninja-core/target/test-classes/conf/application.conf
11:41:26.582 [main] DEBUG o.a.c.c.PropertiesConfiguration - FileName set to conf/messages.properties
11:41:26.582 [main] DEBUG o.a.c.c.ConfigurationUtils - ConfigurationUtils.locate(): base is null, name is conf/messages.properties
11:41:26.582 [main] DEBUG o.a.c.c.DefaultFileSystem - Could not locate file conf/messages.properties at null: no protocol: conf/messages.properties
11:41:26.582 [main] DEBUG o.a.c.c.ConfigurationUtils - Loading configuration from the context classpath (conf/messages.properties)
11:41:26.582 [main] DEBUG o.a.c.c.PropertiesConfiguration - Base path set to file:///Users/lusirui/Documents/research/PL/Summer/DeFlakerTest/ninja/ninja-core/target/test-classes/conf/messages.properties
11:41:26.583 [main] DEBUG o.a.c.c.PropertiesConfiguration - FileName set to conf/messages_en.properties
11:41:26.583 [main] DEBUG o.a.c.c.ConfigurationUtils - ConfigurationUtils.locate(): base is null, name is conf/messages_en.properties
11:41:26.583 [main] DEBUG o.a.c.c.DefaultFileSystem - Could not locate file conf/messages_en.properties at null: no protocol: conf/messages_en.properties
11:41:26.583 [main] DEBUG o.a.c.c.ConfigurationUtils - Loading configuration from the context classpath (conf/messages_en.properties)
11:41:26.583 [main] DEBUG o.a.c.c.PropertiesConfiguration - Base path set to file:///Users/lusirui/Documents/research/PL/Summer/DeFlakerTest/ninja/ninja-core/target/test-classes/conf/messages_en.properties
11:41:26.583 [main] DEBUG o.a.c.c.PropertiesConfiguration - FileName set to conf/messages_de.properties
11:41:26.583 [main] DEBUG o.a.c.c.ConfigurationUtils - ConfigurationUtils.locate(): base is null, name is conf/messages_de.properties
11:41:26.583 [main] DEBUG o.a.c.c.DefaultFileSystem - Could not locate file conf/messages_de.properties at null: no protocol: conf/messages_de.properties
11:41:26.583 [main] DEBUG o.a.c.c.ConfigurationUtils - Loading configuration from the context classpath (conf/messages_de.properties)
11:41:26.583 [main] DEBUG o.a.c.c.PropertiesConfiguration - Base path set to file:///Users/lusirui/Documents/research/PL/Summer/DeFlakerTest/ninja/ninja-core/target/test-classes/conf/messages_de.properties
11:41:26.584 [main] DEBUG o.a.c.c.PropertiesConfiguration - FileName set to conf/messages_fr-FR.properties
11:41:26.584 [main] DEBUG o.a.c.c.ConfigurationUtils - ConfigurationUtils.locate(): base is null, name is conf/messages_fr-FR.properties
11:41:26.584 [main] DEBUG o.a.c.c.DefaultFileSystem - Could not locate file conf/messages_fr-FR.properties at null: no protocol: conf/messages_fr-FR.properties
11:41:26.584 [main] DEBUG o.a.c.c.ConfigurationUtils - Loading configuration from the context classpath (conf/messages_fr-FR.properties)
11:41:26.584 [main] DEBUG o.a.c.c.PropertiesConfiguration - Base path set to file:///Users/lusirui/Documents/research/PL/Summer/DeFlakerTest/ninja/ninja-core/target/test-classes/conf/messages_fr-FR.properties
11:41:26.584 [main] DEBUG o.a.c.c.PropertiesConfiguration - FileName set to conf/messages_fr.properties
11:41:26.584 [main] DEBUG o.a.c.c.ConfigurationUtils - ConfigurationUtils.locate(): base is null, name is conf/messages_fr.properties
11:41:26.584 [main] DEBUG o.a.c.c.DefaultFileSystem - Could not locate file conf/messages_fr.properties at null: no protocol: conf/messages_fr.properties
11:41:26.585 [main] INFO  ninja.utils.SwissKnife - Could not load file conf/messages_fr.properties (not a bad thing necessarily, but I am returing null)
Tests run: 7, Failures: 0, Errors: 0, Skipped: 0, Time elapsed: 0.12 sec - in ninja.template.TemplateEngineManagerImplTest
Running ninja.lifecycle.LifecycleSupportTest
11:41:26.590 [main] INFO  ninja.lifecycle.LifecycleServiceImpl - Starting Ninja application...
11:41:26.591 [main] INFO  ninja.lifecycle.LifecycleServiceImpl - Ninja application started in 1ms
11:41:26.592 [main] INFO  ninja.lifecycle.LifecycleServiceImpl - Stopping Ninja application...
11:41:26.593 [main] INFO  ninja.lifecycle.LifecycleServiceImpl - Ninja application stopped in 1ms
11:41:26.598 [main] INFO  ninja.lifecycle.LifecycleServiceImpl - Starting Ninja application...
11:41:26.598 [main] INFO  ninja.lifecycle.LifecycleServiceImpl - Ninja application started in 0ms
11:41:26.598 [main] INFO  ninja.lifecycle.LifecycleServiceImpl - Stopping Ninja application...
11:41:26.598 [main] INFO  ninja.lifecycle.LifecycleServiceImpl - Ninja application stopped in 0ms
11:41:26.600 [main] INFO  ninja.lifecycle.LifecycleServiceImpl - Starting Ninja application...
11:41:26.601 [main] INFO  ninja.lifecycle.LifecycleServiceImpl - Ninja application started in 1ms
11:41:26.602 [main] INFO  ninja.lifecycle.LifecycleServiceImpl - Starting Ninja application...
11:41:26.602 [main] INFO  ninja.lifecycle.LifecycleServiceImpl - Ninja application started in 0ms
11:41:26.603 [main] INFO  ninja.lifecycle.LifecycleServiceImpl - Starting Ninja application...
11:41:26.604 [main] INFO  ninja.lifecycle.LifecycleServiceImpl - Ninja application started in 1ms
11:41:26.605 [main] INFO  ninja.lifecycle.LifecycleServiceImpl - Starting Ninja application...
11:41:26.605 [main] INFO  ninja.lifecycle.LifecycleServiceImpl - Ninja application started in 0ms
11:41:26.606 [main] INFO  ninja.lifecycle.LifecycleServiceImpl - Starting Ninja application...
11:41:26.606 [main] INFO  ninja.lifecycle.LifecycleServiceImpl - Ninja application started in 1ms
11:41:26.606 [main] WARN  ninja.lifecycle.LifecycleRegister - Startable instantiated after the application has been started: ninja.lifecycle.LifecycleSupportTest$MockService@40499e4f
11:41:26.608 [main] INFO  ninja.lifecycle.LifecycleServiceImpl - Starting Ninja application...
11:41:26.608 [main] INFO  ninja.lifecycle.LifecycleServiceImpl - Ninja application started in 0ms
11:41:26.609 [main] INFO  ninja.lifecycle.LifecycleServiceImpl - Starting Ninja application...
11:41:26.610 [main] INFO  ninja.lifecycle.LifecycleServiceImpl - Ninja application started in 1ms
11:41:26.611 [main] INFO  ninja.lifecycle.LifecycleServiceImpl - Starting Ninja application...
11:41:26.611 [main] INFO  ninja.lifecycle.LifecycleServiceImpl - Ninja application started in 0ms
Tests run: 11, Failures: 0, Errors: 0, Skipped: 0, Time elapsed: 0.024 sec - in ninja.lifecycle.LifecycleSupportTest
Running ninja.scheduler.SchedulerSupportTest
11:41:26.650 [Thread-6] INFO  ninja.lifecycle.LifecycleServiceImpl - Starting Ninja application...
11:41:26.650 [Thread-6] INFO  ninja.lifecycle.LifecycleServiceImpl - Ninja application started in 0ms
11:41:26.653 [Thread-6] INFO  ninja.scheduler.Scheduler - Scheduling method doSomething on ninja.scheduler.SchedulerSupportTest$MockScheduled@4e8155d8 to be run every 1000000000 MILLISECONDS after 1000000000 MILLISECONDS
11:41:26.666 [pool-1-thread-1] DEBUG ninja.scheduler.Scheduler - Running scheduled method doSomething on ninja.scheduler.SchedulerSupportTest$MockScheduled@4e8155d8
11:41:26.667 [main] INFO  ninja.lifecycle.LifecycleServiceImpl - Stopping Ninja application...
11:41:26.667 [main] INFO  ninja.lifecycle.LifecycleServiceImpl - Ninja application stopped in 0ms
11:41:26.671 [Thread-7] INFO  ninja.lifecycle.LifecycleServiceImpl - Starting Ninja application...
11:41:26.671 [Thread-7] INFO  ninja.scheduler.Scheduler - Scheduling method doSomething on ninja.scheduler.SchedulerSupportTest$MockScheduled@591b145c to be run every 1000000000 MILLISECONDS after 1000000000 MILLISECONDS
11:41:26.671 [Thread-7] INFO  ninja.lifecycle.LifecycleServiceImpl - Ninja application started in 0ms
11:41:26.685 [pool-2-thread-1] DEBUG ninja.scheduler.Scheduler - Running scheduled method doSomething on ninja.scheduler.SchedulerSupportTest$MockScheduled@591b145c
11:41:26.685 [main] INFO  ninja.lifecycle.LifecycleServiceImpl - Stopping Ninja application...
11:41:26.686 [main] INFO  ninja.lifecycle.LifecycleServiceImpl - Ninja application stopped in 1ms
11:41:26.802 [Thread-8] INFO  ninja.lifecycle.LifecycleServiceImpl - Starting Ninja application...
11:41:26.802 [Thread-8] INFO  ninja.scheduler.Scheduler - Scheduling method doSomething on ninja.scheduler.SchedulerSupportTest$MockPropertyScheduled@512caa38 to be run every 10 MILLISECONDS after 10 MILLISECONDS
11:41:26.802 [Thread-8] INFO  ninja.lifecycle.LifecycleServiceImpl - Ninja application started in 0ms
11:41:26.817 [pool-3-thread-1] DEBUG ninja.scheduler.Scheduler - Running scheduled method doSomething on ninja.scheduler.SchedulerSupportTest$MockPropertyScheduled@512caa38
11:41:26.818 [main] INFO  ninja.lifecycle.LifecycleServiceImpl - Stopping Ninja application...
11:41:26.818 [main] INFO  ninja.lifecycle.LifecycleServiceImpl - Ninja application stopped in 0ms
11:41:26.821 [main] INFO  ninja.lifecycle.LifecycleServiceImpl - Starting Ninja application...
11:41:26.823 [main] INFO  ninja.lifecycle.LifecycleServiceImpl - Stopping Ninja application...
11:41:26.823 [main] INFO  ninja.lifecycle.LifecycleServiceImpl - Ninja application stopped in 0ms
Tests run: 5, Failures: 0, Errors: 0, Skipped: 0, Time elapsed: 0.212 sec - in ninja.scheduler.SchedulerSupportTest
Running ninja.jpa.JpaInitializerTest
Tests run: 2, Failures: 0, Errors: 0, Skipped: 0, Time elapsed: 0.002 sec - in ninja.jpa.JpaInitializerTest
Running ninja.utils.SwissKnifeTest
Tests run: 1, Failures: 0, Errors: 0, Skipped: 0, Time elapsed: 0.001 sec - in ninja.utils.SwissKnifeTest
Running ninja.utils.CryptoTest
Tests run: 1, Failures: 0, Errors: 0, Skipped: 0, Time elapsed: 0.157 sec - in ninja.utils.CryptoTest
Running ninja.utils.NinjaPropertiesImplTest
11:41:26.987 [main] DEBUG o.a.c.c.PropertiesConfiguration - FileName set to conf/application.conf
11:41:26.987 [main] DEBUG o.a.c.c.ConfigurationUtils - ConfigurationUtils.locate(): base is null, name is conf/application.conf
11:41:26.987 [main] DEBUG o.a.c.c.DefaultFileSystem - Could not locate file conf/application.conf at null: no protocol: conf/application.conf
11:41:26.987 [main] DEBUG o.a.c.c.ConfigurationUtils - Loading configuration from the context classpath (conf/application.conf)
11:41:26.987 [main] DEBUG o.a.c.c.PropertiesConfiguration - Base path set to file:///Users/lusirui/Documents/research/PL/Summer/DeFlakerTest/ninja/ninja-core/target/test-classes/conf/application.conf
11:41:26.988 [main] DEBUG o.a.c.c.PropertiesConfiguration - FileName set to conf/heroku.conf
11:41:26.988 [main] DEBUG o.a.c.c.ConfigurationUtils - ConfigurationUtils.locate(): base is null, name is conf/heroku.conf
11:41:26.988 [main] DEBUG o.a.c.c.DefaultFileSystem - Could not locate file conf/heroku.conf at null: no protocol: conf/heroku.conf
11:41:26.988 [main] DEBUG o.a.c.c.ConfigurationUtils - Loading configuration from the context classpath (conf/heroku.conf)
11:41:26.988 [main] DEBUG o.a.c.c.PropertiesConfiguration - Base path set to file:///Users/lusirui/Documents/research/PL/Summer/DeFlakerTest/ninja/ninja-core/target/test-classes/conf/heroku.conf
11:41:26.989 [main] DEBUG o.a.c.c.PropertiesConfiguration - FileName set to conf/application.conf
11:41:26.989 [main] DEBUG o.a.c.c.ConfigurationUtils - ConfigurationUtils.locate(): base is null, name is conf/application.conf
11:41:26.989 [main] DEBUG o.a.c.c.DefaultFileSystem - Could not locate file conf/application.conf at null: no protocol: conf/application.conf
11:41:26.989 [main] DEBUG o.a.c.c.ConfigurationUtils - Loading configuration from the context classpath (conf/application.conf)
11:41:26.989 [main] DEBUG o.a.c.c.PropertiesConfiguration - Base path set to file:///Users/lusirui/Documents/research/PL/Summer/DeFlakerTest/ninja/ninja-core/target/test-classes/conf/application.conf
11:41:26.990 [main] ERROR ninja.utils.NinjaPropertiesImpl - Key a_propert_that_is_not_in_the_file does not exist. Please include it in your application.conf. Otherwise this app will not work
11:41:26.990 [main] DEBUG o.a.c.c.PropertiesConfiguration - FileName set to conf/application.conf
11:41:26.990 [main] DEBUG o.a.c.c.ConfigurationUtils - ConfigurationUtils.locate(): base is null, name is conf/application.conf
11:41:26.991 [main] DEBUG o.a.c.c.DefaultFileSystem - Could not locate file conf/application.conf at null: no protocol: conf/application.conf
11:41:26.991 [main] DEBUG o.a.c.c.ConfigurationUtils - Loading configuration from the context classpath (conf/application.conf)
11:41:26.991 [main] DEBUG o.a.c.c.PropertiesConfiguration - Base path set to file:///Users/lusirui/Documents/research/PL/Summer/DeFlakerTest/ninja/ninja-core/target/test-classes/conf/application.conf
11:41:26.992 [main] DEBUG o.a.c.c.PropertiesConfiguration - FileName set to conf/application.conf
11:41:26.992 [main] DEBUG o.a.c.c.ConfigurationUtils - ConfigurationUtils.locate(): base is null, name is conf/application.conf
11:41:26.992 [main] DEBUG o.a.c.c.DefaultFileSystem - Could not locate file conf/application.conf at null: no protocol: conf/application.conf
11:41:26.992 [main] DEBUG o.a.c.c.ConfigurationUtils - Loading configuration from the context classpath (conf/application.conf)
11:41:26.992 [main] DEBUG o.a.c.c.PropertiesConfiguration - Base path set to file:///Users/lusirui/Documents/research/PL/Summer/DeFlakerTest/ninja/ninja-core/target/test-classes/conf/application.conf
11:41:26.993 [main] DEBUG o.a.c.c.PropertiesConfiguration - FileName set to conf/non_existing.conf
11:41:26.993 [main] DEBUG o.a.c.c.ConfigurationUtils - ConfigurationUtils.locate(): base is null, name is conf/non_existing.conf
11:41:26.993 [main] DEBUG o.a.c.c.DefaultFileSystem - Could not locate file conf/non_existing.conf at null: no protocol: conf/non_existing.conf
11:41:26.993 [main] INFO  ninja.utils.SwissKnife - Could not load file conf/non_existing.conf (not a bad thing necessarily, but I am returing null)
11:41:26.994 [main] ERROR ninja.utils.NinjaPropertiesImpl - Ninja was told to use an external configuration
 ninja.external.configuration = conf/non_existing.conf 
.But the corresponding file cannot be found.
 Make sure it is visible to this application and on the classpath.
11:41:26.994 [main] DEBUG o.a.c.c.PropertiesConfiguration - FileName set to conf/application.conf
11:41:26.994 [main] DEBUG o.a.c.c.ConfigurationUtils - ConfigurationUtils.locate(): base is null, name is conf/application.conf
11:41:26.994 [main] DEBUG o.a.c.c.DefaultFileSystem - Could not locate file conf/application.conf at null: no protocol: conf/application.conf
11:41:26.994 [main] DEBUG o.a.c.c.ConfigurationUtils - Loading configuration from the context classpath (conf/application.conf)
11:41:26.994 [main] DEBUG o.a.c.c.PropertiesConfiguration - Base path set to file:///Users/lusirui/Documents/research/PL/Summer/DeFlakerTest/ninja/ninja-core/target/test-classes/conf/application.conf
11:41:26.997 [main] DEBUG o.a.c.c.PropertiesConfiguration - FileName set to conf/application.conf
11:41:26.997 [main] DEBUG o.a.c.c.ConfigurationUtils - ConfigurationUtils.locate(): base is null, name is conf/application.conf
11:41:26.997 [main] DEBUG o.a.c.c.DefaultFileSystem - Could not locate file conf/application.conf at null: no protocol: conf/application.conf
11:41:26.997 [main] DEBUG o.a.c.c.ConfigurationUtils - Loading configuration from the context classpath (conf/application.conf)
11:41:26.997 [main] DEBUG o.a.c.c.PropertiesConfiguration - Base path set to file:///Users/lusirui/Documents/research/PL/Summer/DeFlakerTest/ninja/ninja-core/target/test-classes/conf/application.conf
11:41:26.998 [main] DEBUG o.a.c.c.PropertiesConfiguration - FileName set to conf/application.conf
11:41:26.999 [main] DEBUG o.a.c.c.ConfigurationUtils - ConfigurationUtils.locate(): base is null, name is conf/application.conf
11:41:26.999 [main] DEBUG o.a.c.c.DefaultFileSystem - Could not locate file conf/application.conf at null: no protocol: conf/application.conf
11:41:26.999 [main] DEBUG o.a.c.c.ConfigurationUtils - Loading configuration from the context classpath (conf/application.conf)
11:41:26.999 [main] DEBUG o.a.c.c.PropertiesConfiguration - Base path set to file:///Users/lusirui/Documents/research/PL/Summer/DeFlakerTest/ninja/ninja-core/target/test-classes/conf/application.conf
11:41:27.000 [main] ERROR ninja.utils.NinjaPropertiesImpl - Key integerNotValid does not exist. Please include it in your application.conf. Otherwise this app will not work
11:41:27.000 [main] DEBUG o.a.c.c.PropertiesConfiguration - FileName set to conf/application.conf
11:41:27.000 [main] DEBUG o.a.c.c.ConfigurationUtils - ConfigurationUtils.locate(): base is null, name is conf/application.conf
11:41:27.000 [main] DEBUG o.a.c.c.DefaultFileSystem - Could not locate file conf/application.conf at null: no protocol: conf/application.conf
11:41:27.000 [main] DEBUG o.a.c.c.ConfigurationUtils - Loading configuration from the context classpath (conf/application.conf)
11:41:27.000 [main] DEBUG o.a.c.c.PropertiesConfiguration - Base path set to file:///Users/lusirui/Documents/research/PL/Summer/DeFlakerTest/ninja/ninja-core/target/test-classes/conf/application.conf
11:41:27.006 [main] DEBUG o.a.c.c.PropertiesConfiguration - FileName set to conf/application.conf
11:41:27.006 [main] DEBUG o.a.c.c.ConfigurationUtils - ConfigurationUtils.locate(): base is null, name is conf/application.conf
11:41:27.006 [main] DEBUG o.a.c.c.DefaultFileSystem - Could not locate file conf/application.conf at null: no protocol: conf/application.conf
11:41:27.006 [main] DEBUG o.a.c.c.ConfigurationUtils - Loading configuration from the context classpath (conf/application.conf)
11:41:27.006 [main] DEBUG o.a.c.c.PropertiesConfiguration - Base path set to file:///Users/lusirui/Documents/research/PL/Summer/DeFlakerTest/ninja/ninja-core/target/test-classes/conf/application.conf
11:41:27.007 [main] DEBUG o.a.c.c.PropertiesConfiguration - FileName set to conf/application.conf
11:41:27.007 [main] DEBUG o.a.c.c.ConfigurationUtils - ConfigurationUtils.locate(): base is null, name is conf/application.conf
11:41:27.007 [main] DEBUG o.a.c.c.DefaultFileSystem - Could not locate file conf/application.conf at null: no protocol: conf/application.conf
11:41:27.007 [main] DEBUG o.a.c.c.ConfigurationUtils - Loading configuration from the context classpath (conf/application.conf)
11:41:27.007 [main] DEBUG o.a.c.c.PropertiesConfiguration - Base path set to file:///Users/lusirui/Documents/research/PL/Summer/DeFlakerTest/ninja/ninja-core/target/test-classes/conf/application.conf
11:41:27.008 [main] ERROR ninja.utils.NinjaPropertiesImpl - Key booleanNotValid does not exist. Please include it in your application.conf. Otherwise this app will not work
11:41:27.008 [main] DEBUG o.a.c.c.PropertiesConfiguration - FileName set to conf/application.conf
11:41:27.008 [main] DEBUG o.a.c.c.ConfigurationUtils - ConfigurationUtils.locate(): base is null, name is conf/application.conf
11:41:27.008 [main] DEBUG o.a.c.c.DefaultFileSystem - Could not locate file conf/application.conf at null: no protocol: conf/application.conf
11:41:27.008 [main] DEBUG o.a.c.c.ConfigurationUtils - Loading configuration from the context classpath (conf/application.conf)
11:41:27.008 [main] DEBUG o.a.c.c.PropertiesConfiguration - Base path set to file:///Users/lusirui/Documents/research/PL/Summer/DeFlakerTest/ninja/ninja-core/target/test-classes/conf/application.conf
11:41:27.009 [main] DEBUG o.a.c.c.PropertiesConfiguration - FileName set to conf/application.conf
11:41:27.009 [main] DEBUG o.a.c.c.ConfigurationUtils - ConfigurationUtils.locate(): base is null, name is conf/application.conf
11:41:27.009 [main] DEBUG o.a.c.c.DefaultFileSystem - Could not locate file conf/application.conf at null: no protocol: conf/application.conf
11:41:27.009 [main] DEBUG o.a.c.c.ConfigurationUtils - Loading configuration from the context classpath (conf/application.conf)
11:41:27.009 [main] DEBUG o.a.c.c.PropertiesConfiguration - Base path set to file:///Users/lusirui/Documents/research/PL/Summer/DeFlakerTest/ninja/ninja-core/target/test-classes/conf/application.conf
11:41:27.009 [main] DEBUG o.a.c.c.PropertiesConfiguration - FileName set to conf/application.conf
11:41:27.010 [main] DEBUG o.a.c.c.ConfigurationUtils - ConfigurationUtils.locate(): base is null, name is conf/application.conf
11:41:27.010 [main] DEBUG o.a.c.c.DefaultFileSystem - Could not locate file conf/application.conf at null: no protocol: conf/application.conf
11:41:27.010 [main] DEBUG o.a.c.c.ConfigurationUtils - Loading configuration from the context classpath (conf/application.conf)
11:41:27.010 [main] DEBUG o.a.c.c.PropertiesConfiguration - Base path set to file:///Users/lusirui/Documents/research/PL/Summer/DeFlakerTest/ninja/ninja-core/target/test-classes/conf/application.conf
11:41:27.010 [main] DEBUG o.a.c.c.PropertiesConfiguration - FileName set to conf/application.conf
11:41:27.010 [main] DEBUG o.a.c.c.ConfigurationUtils - ConfigurationUtils.locate(): base is null, name is conf/application.conf
11:41:27.010 [main] DEBUG o.a.c.c.DefaultFileSystem - Could not locate file conf/application.conf at null: no protocol: conf/application.conf
11:41:27.010 [main] DEBUG o.a.c.c.ConfigurationUtils - Loading configuration from the context classpath (conf/application.conf)
11:41:27.010 [main] DEBUG o.a.c.c.PropertiesConfiguration - Base path set to file:///Users/lusirui/Documents/research/PL/Summer/DeFlakerTest/ninja/ninja-core/target/test-classes/conf/application.conf
11:41:27.011 [main] DEBUG o.a.c.c.PropertiesConfiguration - FileName set to conf/application.conf
11:41:27.011 [main] DEBUG o.a.c.c.ConfigurationUtils - ConfigurationUtils.locate(): base is null, name is conf/application.conf
11:41:27.011 [main] DEBUG o.a.c.c.DefaultFileSystem - Could not locate file conf/application.conf at null: no protocol: conf/application.conf
11:41:27.011 [main] DEBUG o.a.c.c.ConfigurationUtils - Loading configuration from the context classpath (conf/application.conf)
11:41:27.011 [main] DEBUG o.a.c.c.PropertiesConfiguration - Base path set to file:///Users/lusirui/Documents/research/PL/Summer/DeFlakerTest/ninja/ninja-core/target/test-classes/conf/application.conf
11:41:27.012 [main] DEBUG o.a.c.c.PropertiesConfiguration - FileName set to conf/application.conf
11:41:27.012 [main] DEBUG o.a.c.c.ConfigurationUtils - ConfigurationUtils.locate(): base is null, name is conf/application.conf
11:41:27.012 [main] DEBUG o.a.c.c.DefaultFileSystem - Could not locate file conf/application.conf at null: no protocol: conf/application.conf
11:41:27.012 [main] DEBUG o.a.c.c.ConfigurationUtils - Loading configuration from the context classpath (conf/application.conf)
11:41:27.012 [main] DEBUG o.a.c.c.PropertiesConfiguration - Base path set to file:///Users/lusirui/Documents/research/PL/Summer/DeFlakerTest/ninja/ninja-core/target/test-classes/conf/application.conf
11:41:27.012 [main] DEBUG o.a.c.c.PropertiesConfiguration - FileName set to conf/application.conf
11:41:27.012 [main] DEBUG o.a.c.c.ConfigurationUtils - ConfigurationUtils.locate(): base is null, name is conf/application.conf
11:41:27.012 [main] DEBUG o.a.c.c.DefaultFileSystem - Could not locate file conf/application.conf at null: no protocol: conf/application.conf
11:41:27.012 [main] DEBUG o.a.c.c.ConfigurationUtils - Loading configuration from the context classpath (conf/application.conf)
11:41:27.012 [main] DEBUG o.a.c.c.PropertiesConfiguration - Base path set to file:///Users/lusirui/Documents/research/PL/Summer/DeFlakerTest/ninja/ninja-core/target/test-classes/conf/application.conf
11:41:27.013 [main] DEBUG o.a.c.c.PropertiesConfiguration - FileName set to conf/application.conf
11:41:27.013 [main] DEBUG o.a.c.c.ConfigurationUtils - ConfigurationUtils.locate(): base is null, name is conf/application.conf
11:41:27.013 [main] DEBUG o.a.c.c.DefaultFileSystem - Could not locate file conf/application.conf at null: no protocol: conf/application.conf
11:41:27.013 [main] DEBUG o.a.c.c.ConfigurationUtils - Loading configuration from the context classpath (conf/application.conf)
11:41:27.013 [main] DEBUG o.a.c.c.PropertiesConfiguration - Base path set to file:///Users/lusirui/Documents/research/PL/Summer/DeFlakerTest/ninja/ninja-core/target/test-classes/conf/application.conf
11:41:27.014 [main] DEBUG o.a.c.c.PropertiesConfiguration - FileName set to conf/heroku.conf
11:41:27.014 [main] DEBUG o.a.c.c.ConfigurationUtils - ConfigurationUtils.locate(): base is null, name is conf/heroku.conf
11:41:27.014 [main] DEBUG o.a.c.c.DefaultFileSystem - Could not locate file conf/heroku.conf at null: no protocol: conf/heroku.conf
11:41:27.014 [main] DEBUG o.a.c.c.ConfigurationUtils - Loading configuration from the context classpath (conf/heroku.conf)
11:41:27.014 [main] DEBUG o.a.c.c.PropertiesConfiguration - Base path set to file:///Users/lusirui/Documents/research/PL/Summer/DeFlakerTest/ninja/ninja-core/target/test-classes/conf/heroku.conf
Tests run: 16, Failures: 0, Errors: 0, Skipped: 0, Time elapsed: 0.028 sec - in ninja.utils.NinjaPropertiesImplTest
Running ninja.utils.HttpHeaderUtilsTest
Tests run: 3, Failures: 0, Errors: 0, Skipped: 0, Time elapsed: 0 sec - in ninja.utils.HttpHeaderUtilsTest
Running ninja.utils.CookieDataCodecTest
Tests run: 11, Failures: 0, Errors: 0, Skipped: 0, Time elapsed: 0.002 sec - in ninja.utils.CookieDataCodecTest
Running ninja.utils.MimeTypesTest
Tests run: 1, Failures: 0, Errors: 0, Skipped: 0, Time elapsed: 0.001 sec - in ninja.utils.MimeTypesTest
Running ninja.utils.NinjaConstantTest
11:41:27.021 [main] DEBUG o.a.c.c.PropertiesConfiguration - FileName set to conf/all_constants.conf
11:41:27.021 [main] DEBUG o.a.c.c.ConfigurationUtils - ConfigurationUtils.locate(): base is null, name is conf/all_constants.conf
11:41:27.021 [main] DEBUG o.a.c.c.DefaultFileSystem - Could not locate file conf/all_constants.conf at null: no protocol: conf/all_constants.conf
11:41:27.021 [main] DEBUG o.a.c.c.ConfigurationUtils - Loading configuration from the context classpath (conf/all_constants.conf)
11:41:27.022 [main] DEBUG o.a.c.c.PropertiesConfiguration - Base path set to file:///Users/lusirui/Documents/research/PL/Summer/DeFlakerTest/ninja/ninja-core/target/test-classes/conf/all_constants.conf
Tests run: 1, Failures: 0, Errors: 0, Skipped: 0, Time elapsed: 0 sec - in ninja.utils.NinjaConstantTest
Running ninja.utils.TimeUtilTest
Tests run: 1, Failures: 0, Errors: 0, Skipped: 0, Time elapsed: 0 sec - in ninja.utils.TimeUtilTest
Running ninja.utils.HttpCacheToolkitImplTest
11:41:27.074 [main] WARN  ninja.utils.HttpCacheToolkitImpl - Can't parse HTTP date
java.lang.IllegalArgumentException: Invalid format: "STRANGE_TIMESTAMP"
	at org.joda.time.format.DateTimeFormatter.parseDateTime(DateTimeFormatter.java:871) ~[joda-time-2.2.jar:2.2]
	at ninja.utils.DateUtil.parseHttpDateFormatToDateTime(DateUtil.java:94) ~[classes/:na]
	at ninja.utils.DateUtil.parseHttpDateFormat(DateUtil.java:80) ~[classes/:na]
	at ninja.utils.HttpCacheToolkitImpl.isModified(HttpCacheToolkitImpl.java:66) ~[classes/:na]
	at ninja.utils.HttpCacheToolkitImplTest.testIsModified(HttpCacheToolkitImplTest.java:97) [test-classes/:na]
	at sun.reflect.NativeMethodAccessorImpl.invoke0(Native Method) ~[na:1.8.0_162]
	at sun.reflect.NativeMethodAccessorImpl.invoke(NativeMethodAccessorImpl.java:62) ~[na:1.8.0_162]
	at sun.reflect.DelegatingMethodAccessorImpl.invoke(DelegatingMethodAccessorImpl.java:43) ~[na:1.8.0_162]
	at java.lang.reflect.Method.invoke(Method.java:498) ~[na:1.8.0_162]
	at org.junit.runners.model.FrameworkMethod$1.runReflectiveCall(FrameworkMethod.java:47) [junit-4.11.jar:na]
	at org.junit.internal.runners.model.ReflectiveCallable.run(ReflectiveCallable.java:12) [junit-4.11.jar:na]
	at org.junit.runners.model.FrameworkMethod.invokeExplosively(FrameworkMethod.java:44) [junit-4.11.jar:na]
	at org.junit.internal.runners.statements.InvokeMethod.evaluate(InvokeMethod.java:17) [junit-4.11.jar:na]
	at org.junit.runners.ParentRunner.runLeaf(ParentRunner.java:271) [junit-4.11.jar:na]
	at org.junit.runners.BlockJUnit4ClassRunner.runChild(BlockJUnit4ClassRunner.java:70) [junit-4.11.jar:na]
	at org.junit.runners.BlockJUnit4ClassRunner.runChild(BlockJUnit4ClassRunner.java:50) [junit-4.11.jar:na]
	at org.junit.runners.ParentRunner$3.run(ParentRunner.java:238) [junit-4.11.jar:na]
	at org.junit.runners.ParentRunner$1.schedule(ParentRunner.java:63) [junit-4.11.jar:na]
	at org.junit.runners.ParentRunner.runChildren(ParentRunner.java:236) [junit-4.11.jar:na]
	at org.junit.runners.ParentRunner.access$000(ParentRunner.java:53) [junit-4.11.jar:na]
	at org.junit.runners.ParentRunner$2.evaluate(ParentRunner.java:229) [junit-4.11.jar:na]
	at org.junit.runners.ParentRunner.run(ParentRunner.java:309) [junit-4.11.jar:na]
	at org.mockito.internal.runners.JUnit45AndHigherRunnerImpl.run(JUnit45AndHigherRunnerImpl.java:37) [mockito-all-1.9.5.jar:na]
	at org.mockito.runners.MockitoJUnitRunner.run(MockitoJUnitRunner.java:62) [mockito-all-1.9.5.jar:na]
	at org.deflaker.surefire.ReExecJunit4Provider.execute(ReExecJunit4Provider.java:430) [deflaker-surefire-reexec-junit4-2.18.4.jar:2.18.4]
	at org.deflaker.surefire.ReExecJunit4Provider.executeWithRerun(ReExecJunit4Provider.java:237) [deflaker-surefire-reexec-junit4-2.18.4.jar:2.18.4]
	at org.deflaker.surefire.ReExecJunit4Provider.executeTestSet(ReExecJunit4Provider.java:217) [deflaker-surefire-reexec-junit4-2.18.4.jar:2.18.4]
	at org.deflaker.surefire.ReExecJunit4Provider.invoke(ReExecJunit4Provider.java:192) [deflaker-surefire-reexec-junit4-2.18.4.jar:2.18.4]
	at org.apache.maven.surefire.booter.ForkedBooter.invokeProviderInSameClassLoader(ForkedBooter.java:203) [surefire-booter-2.18.jar:2.18]
	at org.apache.maven.surefire.booter.ForkedBooter.runSuitesInProcess(ForkedBooter.java:155) [surefire-booter-2.18.jar:2.18]
	at org.apache.maven.surefire.booter.ForkedBooter.main(ForkedBooter.java:103) [surefire-booter-2.18.jar:2.18]
Tests run: 2, Failures: 0, Errors: 0, Skipped: 0, Time elapsed: 0.058 sec - in ninja.utils.HttpCacheToolkitImplTest
Running ninja.utils.DateUtilImplTest
Tests run: 4, Failures: 0, Errors: 0, Skipped: 0, Time elapsed: 0.003 sec - in ninja.utils.DateUtilImplTest
Running ninja.utils.SecretGeneratorTest
Tests run: 1, Failures: 0, Errors: 0, Skipped: 0, Time elapsed: 0 sec - in ninja.utils.SecretGeneratorTest
Running ninja.utils.NinjaPropertiesImplToolTest
11:41:27.088 [main] DEBUG o.a.c.c.PropertiesConfiguration - FileName set to /tmp/ninja-test-497c611d-42a1-4f9a-b1f6-9a67f4bda3c5/src/main/java/conf/application.conf
11:41:27.088 [main] INFO  ninja.utils.NinjaPropertiesImplTool - Key application.secret not set. Generating new one and setting in conf/application.conf.
11:41:27.107 [main] ERROR ninja.utils.NinjaPropertiesImplTool - Fatal error. Key application.secret not set. Please fix that.
Tests run: 3, Failures: 0, Errors: 0, Skipped: 0, Time elapsed: 0.019 sec - in ninja.utils.NinjaPropertiesImplToolTest
Running ninja.utils.NinjaModeHelperTest
11:41:27.108 [main] INFO  ninja.utils.NinjaModeHelper - Ninja is running in dev mode.
11:41:27.108 [main] INFO  ninja.utils.NinjaModeHelper - Ninja is running in dev mode.
11:41:27.109 [main] INFO  ninja.utils.NinjaModeHelper - Ninja is running in test mode.
11:41:27.109 [main] INFO  ninja.utils.NinjaModeHelper - Ninja is running in test mode.
11:41:27.109 [main] INFO  ninja.utils.NinjaModeHelper - Ninja is running in prod mode.
11:41:27.109 [main] INFO  ninja.utils.NinjaModeHelper - Ninja is running in prod mode.
Tests run: 4, Failures: 0, Errors: 0, Skipped: 0, Time elapsed: 0 sec - in ninja.utils.NinjaModeHelperTest
Running ninja.utils.ResultHandlerTest
Tests run: 7, Failures: 0, Errors: 0, Skipped: 0, Time elapsed: 0.024 sec - in ninja.utils.ResultHandlerTest
Running ninja.RouteBuilderImplTest
Tests run: 12, Failures: 0, Errors: 0, Skipped: 0, Time elapsed: 0.01 sec - in ninja.RouteBuilderImplTest
Running ninja.params.ControllerMethodInvokerTest
11:41:27.200 [main] DEBUG org.jboss.logging - Logging Provider: org.jboss.logging.Slf4jLoggerProvider
11:41:27.200 [main] INFO  o.h.validator.internal.util.Version - HV000001: Hibernate Validator 4.3.1.Final
11:41:27.206 [main] DEBUG o.h.v.i.e.r.DefaultTraversableResolver - Found javax.persistence.Persistence on classpath containing 'getPersistenceUtil'. Assuming JPA 2 environment. Trying to instantiate JPA aware TraversableResolver
11:41:27.207 [main] DEBUG o.h.v.i.e.r.DefaultTraversableResolver - Instantiated JPA aware TraversableResolver of type org.hibernate.validator.internal.engine.resolver.JPATraversableResolver.
11:41:27.208 [main] DEBUG o.h.v.i.xml.ValidationXmlParser - Trying to load META-INF/validation.xml for XML based Validator configuration.
11:41:27.211 [main] DEBUG o.h.v.i.xml.ValidationXmlParser - No META-INF/validation.xml found. Using annotation based configuration only.
11:41:27.265 [__DEFAULT__] DEBUG net.sf.ehcache.util.UpdateChecker - Update check failed: 
java.io.IOException: Server returned HTTP response code: 403 for URL: http://www.terracotta.org/kit/reflector?pageID=update.properties&patch=UNKNOWN&tc-product=ehcache-core+2.7.4&tc-version=2.7.4&uptime-secs=1&kidID=ehcache.default&jvm-version=1.8.0_162&os-name=Mac+OS+X&id=176207915&source=ehcache-core&jvm-name=Java+HotSpot%28TM%29+64-Bit+Server+VM&platform=x86_64
	at sun.net.www.protocol.http.HttpURLConnection.getInputStream0(HttpURLConnection.java:1894) ~[na:1.8.0_162]
	at sun.net.www.protocol.http.HttpURLConnection.getInputStream(HttpURLConnection.java:1492) ~[na:1.8.0_162]
	at net.sf.ehcache.util.UpdateChecker.getUpdateProperties(UpdateChecker.java:153) [ehcache-2.7.4.jar:2.7.4]
	at net.sf.ehcache.util.UpdateChecker.doCheck(UpdateChecker.java:117) [ehcache-2.7.4.jar:2.7.4]
	at net.sf.ehcache.util.UpdateChecker.checkForUpdate(UpdateChecker.java:104) [ehcache-2.7.4.jar:2.7.4]
	at net.sf.ehcache.util.UpdateChecker.run(UpdateChecker.java:95) [ehcache-2.7.4.jar:2.7.4]
	at java.util.TimerThread.mainLoop(Timer.java:555) [na:1.8.0_162]
	at java.util.TimerThread.run(Timer.java:505) [na:1.8.0_162]
11:41:27.293 [main] DEBUG o.h.v.r.PlatformResourceBundleLocator - ValidationMessages not found.
11:41:27.295 [main] DEBUG o.h.v.r.PlatformResourceBundleLocator - org.hibernate.validator.ValidationMessages found.
11:41:27.299 [main] DEBUG o.h.v.r.PlatformResourceBundleLocator - ValidationMessages not found.
11:41:27.299 [main] DEBUG o.h.v.r.PlatformResourceBundleLocator - org.hibernate.validator.ValidationMessages found.
11:41:27.299 [main] DEBUG o.h.v.r.PlatformResourceBundleLocator - ValidationMessages not found.
11:41:27.299 [main] DEBUG o.h.v.r.PlatformResourceBundleLocator - org.hibernate.validator.ValidationMessages found.
11:41:27.332 [main] DEBUG o.h.v.i.e.r.DefaultTraversableResolver - Found javax.persistence.Persistence on classpath containing 'getPersistenceUtil'. Assuming JPA 2 environment. Trying to instantiate JPA aware TraversableResolver
11:41:27.332 [main] DEBUG o.h.v.i.e.r.DefaultTraversableResolver - Instantiated JPA aware TraversableResolver of type org.hibernate.validator.internal.engine.resolver.JPATraversableResolver.
11:41:27.333 [main] DEBUG o.h.v.i.xml.ValidationXmlParser - Trying to load META-INF/validation.xml for XML based Validator configuration.
11:41:27.334 [main] DEBUG o.h.v.i.xml.ValidationXmlParser - No META-INF/validation.xml found. Using annotation based configuration only.
11:41:27.336 [main] DEBUG o.h.v.r.PlatformResourceBundleLocator - ValidationMessages not found.
11:41:27.336 [main] DEBUG o.h.v.r.PlatformResourceBundleLocator - org.hibernate.validator.ValidationMessages found.
11:41:27.367 [main] DEBUG o.h.v.i.e.r.DefaultTraversableResolver - Found javax.persistence.Persistence on classpath containing 'getPersistenceUtil'. Assuming JPA 2 environment. Trying to instantiate JPA aware TraversableResolver
11:41:27.367 [main] DEBUG o.h.v.i.e.r.DefaultTraversableResolver - Instantiated JPA aware TraversableResolver of type org.hibernate.validator.internal.engine.resolver.JPATraversableResolver.
11:41:27.367 [main] DEBUG o.h.v.i.xml.ValidationXmlParser - Trying to load META-INF/validation.xml for XML based Validator configuration.
11:41:27.367 [main] DEBUG o.h.v.i.xml.ValidationXmlParser - No META-INF/validation.xml found. Using annotation based configuration only.
11:41:27.369 [main] DEBUG o.h.v.r.PlatformResourceBundleLocator - ValidationMessages not found.
11:41:27.369 [main] DEBUG o.h.v.r.PlatformResourceBundleLocator - org.hibernate.validator.ValidationMessages found.
11:41:27.369 [main] DEBUG o.h.v.r.PlatformResourceBundleLocator - ValidationMessages not found.
11:41:27.369 [main] DEBUG o.h.v.r.PlatformResourceBundleLocator - org.hibernate.validator.ValidationMessages found.
11:41:27.371 [main] DEBUG o.h.v.i.e.r.DefaultTraversableResolver - Found javax.persistence.Persistence on classpath containing 'getPersistenceUtil'. Assuming JPA 2 environment. Trying to instantiate JPA aware TraversableResolver
11:41:27.371 [main] DEBUG o.h.v.i.e.r.DefaultTraversableResolver - Instantiated JPA aware TraversableResolver of type org.hibernate.validator.internal.engine.resolver.JPATraversableResolver.
11:41:27.371 [main] DEBUG o.h.v.i.xml.ValidationXmlParser - Trying to load META-INF/validation.xml for XML based Validator configuration.
11:41:27.372 [main] DEBUG o.h.v.i.xml.ValidationXmlParser - No META-INF/validation.xml found. Using annotation based configuration only.
11:41:27.376 [main] DEBUG o.h.v.i.e.r.DefaultTraversableResolver - Found javax.persistence.Persistence on classpath containing 'getPersistenceUtil'. Assuming JPA 2 environment. Trying to instantiate JPA aware TraversableResolver
11:41:27.376 [main] DEBUG o.h.v.i.e.r.DefaultTraversableResolver - Instantiated JPA aware TraversableResolver of type org.hibernate.validator.internal.engine.resolver.JPATraversableResolver.
11:41:27.376 [main] DEBUG o.h.v.i.xml.ValidationXmlParser - Trying to load META-INF/validation.xml for XML based Validator configuration.
11:41:27.376 [main] DEBUG o.h.v.i.xml.ValidationXmlParser - No META-INF/validation.xml found. Using annotation based configuration only.
11:41:27.378 [main] DEBUG o.h.v.r.PlatformResourceBundleLocator - ValidationMessages not found.
11:41:27.378 [main] DEBUG o.h.v.r.PlatformResourceBundleLocator - org.hibernate.validator.ValidationMessages found.
11:41:27.380 [main] DEBUG o.h.v.i.e.r.DefaultTraversableResolver - Found javax.persistence.Persistence on classpath containing 'getPersistenceUtil'. Assuming JPA 2 environment. Trying to instantiate JPA aware TraversableResolver
11:41:27.380 [main] DEBUG o.h.v.i.e.r.DefaultTraversableResolver - Instantiated JPA aware TraversableResolver of type org.hibernate.validator.internal.engine.resolver.JPATraversableResolver.
11:41:27.380 [main] DEBUG o.h.v.i.xml.ValidationXmlParser - Trying to load META-INF/validation.xml for XML based Validator configuration.
11:41:27.380 [main] DEBUG o.h.v.i.xml.ValidationXmlParser - No META-INF/validation.xml found. Using annotation based configuration only.
11:41:27.382 [main] DEBUG o.h.v.r.PlatformResourceBundleLocator - ValidationMessages not found.
11:41:27.382 [main] DEBUG o.h.v.r.PlatformResourceBundleLocator - org.hibernate.validator.ValidationMessages found.
Tests run: 55, Failures: 0, Errors: 0, Skipped: 0, Time elapsed: 0.238 sec - in ninja.params.ControllerMethodInvokerTest
Running ninja.i18n.LangImplTest
Tests run: 6, Failures: 0, Errors: 0, Skipped: 0, Time elapsed: 0.007 sec - in ninja.i18n.LangImplTest
Running ninja.i18n.MessagesImplTest
11:41:27.394 [main] DEBUG o.a.c.c.PropertiesConfiguration - FileName set to conf/messages.properties
11:41:27.394 [main] DEBUG o.a.c.c.ConfigurationUtils - ConfigurationUtils.locate(): base is null, name is conf/messages.properties
11:41:27.394 [main] DEBUG o.a.c.c.DefaultFileSystem - Could not locate file conf/messages.properties at null: no protocol: conf/messages.properties
11:41:27.394 [main] DEBUG o.a.c.c.ConfigurationUtils - Loading configuration from the context classpath (conf/messages.properties)
11:41:27.394 [main] DEBUG o.a.c.c.PropertiesConfiguration - Base path set to file:///Users/lusirui/Documents/research/PL/Summer/DeFlakerTest/ninja/ninja-core/target/test-classes/conf/messages.properties
11:41:27.395 [main] DEBUG o.a.c.c.PropertiesConfiguration - FileName set to conf/messages_en.properties
11:41:27.395 [main] DEBUG o.a.c.c.ConfigurationUtils - ConfigurationUtils.locate(): base is null, name is conf/messages_en.properties
11:41:27.395 [main] DEBUG o.a.c.c.DefaultFileSystem - Could not locate file conf/messages_en.properties at null: no protocol: conf/messages_en.properties
11:41:27.395 [main] DEBUG o.a.c.c.ConfigurationUtils - Loading configuration from the context classpath (conf/messages_en.properties)
11:41:27.395 [main] DEBUG o.a.c.c.PropertiesConfiguration - Base path set to file:///Users/lusirui/Documents/research/PL/Summer/DeFlakerTest/ninja/ninja-core/target/test-classes/conf/messages_en.properties
11:41:27.396 [main] DEBUG o.a.c.c.PropertiesConfiguration - FileName set to conf/messages_de.properties
11:41:27.396 [main] DEBUG o.a.c.c.ConfigurationUtils - ConfigurationUtils.locate(): base is null, name is conf/messages_de.properties
11:41:27.396 [main] DEBUG o.a.c.c.DefaultFileSystem - Could not locate file conf/messages_de.properties at null: no protocol: conf/messages_de.properties
11:41:27.396 [main] DEBUG o.a.c.c.ConfigurationUtils - Loading configuration from the context classpath (conf/messages_de.properties)
11:41:27.396 [main] DEBUG o.a.c.c.PropertiesConfiguration - Base path set to file:///Users/lusirui/Documents/research/PL/Summer/DeFlakerTest/ninja/ninja-core/target/test-classes/conf/messages_de.properties
11:41:27.396 [main] DEBUG o.a.c.c.PropertiesConfiguration - FileName set to conf/messages_fr-FR.properties
11:41:27.397 [main] DEBUG o.a.c.c.ConfigurationUtils - ConfigurationUtils.locate(): base is null, name is conf/messages_fr-FR.properties
11:41:27.397 [main] DEBUG o.a.c.c.DefaultFileSystem - Could not locate file conf/messages_fr-FR.properties at null: no protocol: conf/messages_fr-FR.properties
11:41:27.397 [main] DEBUG o.a.c.c.ConfigurationUtils - Loading configuration from the context classpath (conf/messages_fr-FR.properties)
11:41:27.397 [main] DEBUG o.a.c.c.PropertiesConfiguration - Base path set to file:///Users/lusirui/Documents/research/PL/Summer/DeFlakerTest/ninja/ninja-core/target/test-classes/conf/messages_fr-FR.properties
11:41:27.397 [main] DEBUG o.a.c.c.PropertiesConfiguration - FileName set to conf/messages_fr.properties
11:41:27.397 [main] DEBUG o.a.c.c.ConfigurationUtils - ConfigurationUtils.locate(): base is null, name is conf/messages_fr.properties
11:41:27.397 [main] DEBUG o.a.c.c.DefaultFileSystem - Could not locate file conf/messages_fr.properties at null: no protocol: conf/messages_fr.properties
11:41:27.397 [main] INFO  ninja.utils.SwissKnife - Could not load file conf/messages_fr.properties (not a bad thing necessarily, but I am returing null)
11:41:27.399 [main] DEBUG o.a.c.c.PropertiesConfiguration - FileName set to conf/messages.properties
11:41:27.399 [main] DEBUG o.a.c.c.ConfigurationUtils - ConfigurationUtils.locate(): base is null, name is conf/messages.properties
11:41:27.399 [main] DEBUG o.a.c.c.DefaultFileSystem - Could not locate file conf/messages.properties at null: no protocol: conf/messages.properties
11:41:27.399 [main] DEBUG o.a.c.c.ConfigurationUtils - Loading configuration from the context classpath (conf/messages.properties)
11:41:27.399 [main] DEBUG o.a.c.c.PropertiesConfiguration - Base path set to file:///Users/lusirui/Documents/research/PL/Summer/DeFlakerTest/ninja/ninja-core/target/test-classes/conf/messages.properties
11:41:27.400 [main] DEBUG o.a.c.c.PropertiesConfiguration - FileName set to conf/messages_en.properties
11:41:27.400 [main] DEBUG o.a.c.c.ConfigurationUtils - ConfigurationUtils.locate(): base is null, name is conf/messages_en.properties
11:41:27.400 [main] DEBUG o.a.c.c.DefaultFileSystem - Could not locate file conf/messages_en.properties at null: no protocol: conf/messages_en.properties
11:41:27.400 [main] DEBUG o.a.c.c.ConfigurationUtils - Loading configuration from the context classpath (conf/messages_en.properties)
11:41:27.400 [main] DEBUG o.a.c.c.PropertiesConfiguration - Base path set to file:///Users/lusirui/Documents/research/PL/Summer/DeFlakerTest/ninja/ninja-core/target/test-classes/conf/messages_en.properties
11:41:27.400 [main] DEBUG o.a.c.c.PropertiesConfiguration - FileName set to conf/messages_de.properties
11:41:27.400 [main] DEBUG o.a.c.c.ConfigurationUtils - ConfigurationUtils.locate(): base is null, name is conf/messages_de.properties
11:41:27.400 [main] DEBUG o.a.c.c.DefaultFileSystem - Could not locate file conf/messages_de.properties at null: no protocol: conf/messages_de.properties
11:41:27.400 [main] DEBUG o.a.c.c.ConfigurationUtils - Loading configuration from the context classpath (conf/messages_de.properties)
11:41:27.401 [main] DEBUG o.a.c.c.PropertiesConfiguration - Base path set to file:///Users/lusirui/Documents/research/PL/Summer/DeFlakerTest/ninja/ninja-core/target/test-classes/conf/messages_de.properties
11:41:27.401 [main] DEBUG o.a.c.c.PropertiesConfiguration - FileName set to conf/messages_fr-FR.properties
11:41:27.401 [main] DEBUG o.a.c.c.ConfigurationUtils - ConfigurationUtils.locate(): base is null, name is conf/messages_fr-FR.properties
11:41:27.401 [main] DEBUG o.a.c.c.DefaultFileSystem - Could not locate file conf/messages_fr-FR.properties at null: no protocol: conf/messages_fr-FR.properties
11:41:27.401 [main] DEBUG o.a.c.c.ConfigurationUtils - Loading configuration from the context classpath (conf/messages_fr-FR.properties)
11:41:27.401 [main] DEBUG o.a.c.c.PropertiesConfiguration - Base path set to file:///Users/lusirui/Documents/research/PL/Summer/DeFlakerTest/ninja/ninja-core/target/test-classes/conf/messages_fr-FR.properties
11:41:27.401 [main] DEBUG o.a.c.c.PropertiesConfiguration - FileName set to conf/messages_fr.properties
11:41:27.401 [main] DEBUG o.a.c.c.ConfigurationUtils - ConfigurationUtils.locate(): base is null, name is conf/messages_fr.properties
11:41:27.401 [main] DEBUG o.a.c.c.DefaultFileSystem - Could not locate file conf/messages_fr.properties at null: no protocol: conf/messages_fr.properties
11:41:27.402 [main] INFO  ninja.utils.SwissKnife - Could not load file conf/messages_fr.properties (not a bad thing necessarily, but I am returing null)
11:41:27.404 [main] DEBUG o.a.c.c.PropertiesConfiguration - FileName set to conf/messages.properties
11:41:27.404 [main] DEBUG o.a.c.c.ConfigurationUtils - ConfigurationUtils.locate(): base is null, name is conf/messages.properties
11:41:27.404 [main] DEBUG o.a.c.c.DefaultFileSystem - Could not locate file conf/messages.properties at null: no protocol: conf/messages.properties
11:41:27.404 [main] DEBUG o.a.c.c.ConfigurationUtils - Loading configuration from the context classpath (conf/messages.properties)
11:41:27.404 [main] DEBUG o.a.c.c.PropertiesConfiguration - Base path set to file:///Users/lusirui/Documents/research/PL/Summer/DeFlakerTest/ninja/ninja-core/target/test-classes/conf/messages.properties
11:41:27.404 [main] DEBUG o.a.c.c.PropertiesConfiguration - FileName set to conf/messages_en.properties
11:41:27.404 [main] DEBUG o.a.c.c.ConfigurationUtils - ConfigurationUtils.locate(): base is null, name is conf/messages_en.properties
11:41:27.404 [main] DEBUG o.a.c.c.DefaultFileSystem - Could not locate file conf/messages_en.properties at null: no protocol: conf/messages_en.properties
11:41:27.405 [main] DEBUG o.a.c.c.ConfigurationUtils - Loading configuration from the context classpath (conf/messages_en.properties)
11:41:27.405 [main] DEBUG o.a.c.c.PropertiesConfiguration - Base path set to file:///Users/lusirui/Documents/research/PL/Summer/DeFlakerTest/ninja/ninja-core/target/test-classes/conf/messages_en.properties
11:41:27.405 [main] DEBUG o.a.c.c.PropertiesConfiguration - FileName set to conf/messages_de.properties
11:41:27.405 [main] DEBUG o.a.c.c.ConfigurationUtils - ConfigurationUtils.locate(): base is null, name is conf/messages_de.properties
11:41:27.405 [main] DEBUG o.a.c.c.DefaultFileSystem - Could not locate file conf/messages_de.properties at null: no protocol: conf/messages_de.properties
11:41:27.405 [main] DEBUG o.a.c.c.ConfigurationUtils - Loading configuration from the context classpath (conf/messages_de.properties)
11:41:27.405 [main] DEBUG o.a.c.c.PropertiesConfiguration - Base path set to file:///Users/lusirui/Documents/research/PL/Summer/DeFlakerTest/ninja/ninja-core/target/test-classes/conf/messages_de.properties
11:41:27.406 [main] DEBUG o.a.c.c.PropertiesConfiguration - FileName set to conf/messages_fr-FR.properties
11:41:27.406 [main] DEBUG o.a.c.c.ConfigurationUtils - ConfigurationUtils.locate(): base is null, name is conf/messages_fr-FR.properties
11:41:27.406 [main] DEBUG o.a.c.c.DefaultFileSystem - Could not locate file conf/messages_fr-FR.properties at null: no protocol: conf/messages_fr-FR.properties
11:41:27.406 [main] DEBUG o.a.c.c.ConfigurationUtils - Loading configuration from the context classpath (conf/messages_fr-FR.properties)
11:41:27.406 [main] DEBUG o.a.c.c.PropertiesConfiguration - Base path set to file:///Users/lusirui/Documents/research/PL/Summer/DeFlakerTest/ninja/ninja-core/target/test-classes/conf/messages_fr-FR.properties
11:41:27.406 [main] DEBUG o.a.c.c.PropertiesConfiguration - FileName set to conf/messages_fr.properties
11:41:27.406 [main] DEBUG o.a.c.c.ConfigurationUtils - ConfigurationUtils.locate(): base is null, name is conf/messages_fr.properties
11:41:27.406 [main] DEBUG o.a.c.c.DefaultFileSystem - Could not locate file conf/messages_fr.properties at null: no protocol: conf/messages_fr.properties
11:41:27.406 [main] INFO  ninja.utils.SwissKnife - Could not load file conf/messages_fr.properties (not a bad thing necessarily, but I am returing null)
11:41:27.409 [main] DEBUG o.a.c.c.PropertiesConfiguration - FileName set to conf/messages.properties
11:41:27.409 [main] DEBUG o.a.c.c.ConfigurationUtils - ConfigurationUtils.locate(): base is null, name is conf/messages.properties
11:41:27.409 [main] DEBUG o.a.c.c.DefaultFileSystem - Could not locate file conf/messages.properties at null: no protocol: conf/messages.properties
11:41:27.409 [main] DEBUG o.a.c.c.ConfigurationUtils - Loading configuration from the context classpath (conf/messages.properties)
11:41:27.409 [main] DEBUG o.a.c.c.PropertiesConfiguration - Base path set to file:///Users/lusirui/Documents/research/PL/Summer/DeFlakerTest/ninja/ninja-core/target/test-classes/conf/messages.properties
11:41:27.409 [main] DEBUG o.a.c.c.PropertiesConfiguration - FileName set to conf/messages_en.properties
11:41:27.409 [main] DEBUG o.a.c.c.ConfigurationUtils - ConfigurationUtils.locate(): base is null, name is conf/messages_en.properties
11:41:27.409 [main] DEBUG o.a.c.c.DefaultFileSystem - Could not locate file conf/messages_en.properties at null: no protocol: conf/messages_en.properties
11:41:27.409 [main] DEBUG o.a.c.c.ConfigurationUtils - Loading configuration from the context classpath (conf/messages_en.properties)
11:41:27.409 [main] DEBUG o.a.c.c.PropertiesConfiguration - Base path set to file:///Users/lusirui/Documents/research/PL/Summer/DeFlakerTest/ninja/ninja-core/target/test-classes/conf/messages_en.properties
11:41:27.410 [main] DEBUG o.a.c.c.PropertiesConfiguration - FileName set to conf/messages_de.properties
11:41:27.410 [main] DEBUG o.a.c.c.ConfigurationUtils - ConfigurationUtils.locate(): base is null, name is conf/messages_de.properties
11:41:27.410 [main] DEBUG o.a.c.c.DefaultFileSystem - Could not locate file conf/messages_de.properties at null: no protocol: conf/messages_de.properties
11:41:27.410 [main] DEBUG o.a.c.c.ConfigurationUtils - Loading configuration from the context classpath (conf/messages_de.properties)
11:41:27.410 [main] DEBUG o.a.c.c.PropertiesConfiguration - Base path set to file:///Users/lusirui/Documents/research/PL/Summer/DeFlakerTest/ninja/ninja-core/target/test-classes/conf/messages_de.properties
11:41:27.410 [main] DEBUG o.a.c.c.PropertiesConfiguration - FileName set to conf/messages_fr-FR.properties
11:41:27.410 [main] DEBUG o.a.c.c.ConfigurationUtils - ConfigurationUtils.locate(): base is null, name is conf/messages_fr-FR.properties
11:41:27.410 [main] DEBUG o.a.c.c.DefaultFileSystem - Could not locate file conf/messages_fr-FR.properties at null: no protocol: conf/messages_fr-FR.properties
11:41:27.410 [main] DEBUG o.a.c.c.ConfigurationUtils - Loading configuration from the context classpath (conf/messages_fr-FR.properties)
11:41:27.410 [main] DEBUG o.a.c.c.PropertiesConfiguration - Base path set to file:///Users/lusirui/Documents/research/PL/Summer/DeFlakerTest/ninja/ninja-core/target/test-classes/conf/messages_fr-FR.properties
11:41:27.410 [main] DEBUG o.a.c.c.PropertiesConfiguration - FileName set to conf/messages_fr.properties
11:41:27.410 [main] DEBUG o.a.c.c.ConfigurationUtils - ConfigurationUtils.locate(): base is null, name is conf/messages_fr.properties
11:41:27.411 [main] DEBUG o.a.c.c.DefaultFileSystem - Could not locate file conf/messages_fr.properties at null: no protocol: conf/messages_fr.properties
11:41:27.411 [main] INFO  ninja.utils.SwissKnife - Could not load file conf/messages_fr.properties (not a bad thing necessarily, but I am returing null)
11:41:27.413 [main] DEBUG o.a.c.c.PropertiesConfiguration - FileName set to conf/messages.properties
11:41:27.413 [main] DEBUG o.a.c.c.ConfigurationUtils - ConfigurationUtils.locate(): base is null, name is conf/messages.properties
11:41:27.413 [main] DEBUG o.a.c.c.DefaultFileSystem - Could not locate file conf/messages.properties at null: no protocol: conf/messages.properties
11:41:27.414 [main] DEBUG o.a.c.c.ConfigurationUtils - Loading configuration from the context classpath (conf/messages.properties)
11:41:27.414 [main] DEBUG o.a.c.c.PropertiesConfiguration - Base path set to file:///Users/lusirui/Documents/research/PL/Summer/DeFlakerTest/ninja/ninja-core/target/test-classes/conf/messages.properties
11:41:27.414 [main] DEBUG o.a.c.c.PropertiesConfiguration - FileName set to conf/messages_en.properties
11:41:27.414 [main] DEBUG o.a.c.c.ConfigurationUtils - ConfigurationUtils.locate(): base is null, name is conf/messages_en.properties
11:41:27.414 [main] DEBUG o.a.c.c.DefaultFileSystem - Could not locate file conf/messages_en.properties at null: no protocol: conf/messages_en.properties
11:41:27.414 [main] DEBUG o.a.c.c.ConfigurationUtils - Loading configuration from the context classpath (conf/messages_en.properties)
11:41:27.414 [main] DEBUG o.a.c.c.PropertiesConfiguration - Base path set to file:///Users/lusirui/Documents/research/PL/Summer/DeFlakerTest/ninja/ninja-core/target/test-classes/conf/messages_en.properties
11:41:27.415 [main] DEBUG o.a.c.c.PropertiesConfiguration - FileName set to conf/messages_de.properties
11:41:27.415 [main] DEBUG o.a.c.c.ConfigurationUtils - ConfigurationUtils.locate(): base is null, name is conf/messages_de.properties
11:41:27.415 [main] DEBUG o.a.c.c.DefaultFileSystem - Could not locate file conf/messages_de.properties at null: no protocol: conf/messages_de.properties
11:41:27.415 [main] DEBUG o.a.c.c.ConfigurationUtils - Loading configuration from the context classpath (conf/messages_de.properties)
11:41:27.415 [main] DEBUG o.a.c.c.PropertiesConfiguration - Base path set to file:///Users/lusirui/Documents/research/PL/Summer/DeFlakerTest/ninja/ninja-core/target/test-classes/conf/messages_de.properties
11:41:27.415 [main] DEBUG o.a.c.c.PropertiesConfiguration - FileName set to conf/messages_fr-FR.properties
11:41:27.415 [main] DEBUG o.a.c.c.ConfigurationUtils - ConfigurationUtils.locate(): base is null, name is conf/messages_fr-FR.properties
11:41:27.415 [main] DEBUG o.a.c.c.DefaultFileSystem - Could not locate file conf/messages_fr-FR.properties at null: no protocol: conf/messages_fr-FR.properties
11:41:27.415 [main] DEBUG o.a.c.c.ConfigurationUtils - Loading configuration from the context classpath (conf/messages_fr-FR.properties)
11:41:27.415 [main] DEBUG o.a.c.c.PropertiesConfiguration - Base path set to file:///Users/lusirui/Documents/research/PL/Summer/DeFlakerTest/ninja/ninja-core/target/test-classes/conf/messages_fr-FR.properties
11:41:27.416 [main] DEBUG o.a.c.c.PropertiesConfiguration - FileName set to conf/messages_fr.properties
11:41:27.416 [main] DEBUG o.a.c.c.ConfigurationUtils - ConfigurationUtils.locate(): base is null, name is conf/messages_fr.properties
11:41:27.416 [main] DEBUG o.a.c.c.DefaultFileSystem - Could not locate file conf/messages_fr.properties at null: no protocol: conf/messages_fr.properties
11:41:27.416 [main] INFO  ninja.utils.SwissKnife - Could not load file conf/messages_fr.properties (not a bad thing necessarily, but I am returing null)
11:41:27.417 [main] DEBUG o.a.c.c.PropertiesConfiguration - FileName set to conf/messages.properties
11:41:27.418 [main] DEBUG o.a.c.c.ConfigurationUtils - ConfigurationUtils.locate(): base is null, name is conf/messages.properties
11:41:27.418 [main] DEBUG o.a.c.c.DefaultFileSystem - Could not locate file conf/messages.properties at null: no protocol: conf/messages.properties
11:41:27.418 [main] DEBUG o.a.c.c.ConfigurationUtils - Loading configuration from the context classpath (conf/messages.properties)
11:41:27.418 [main] DEBUG o.a.c.c.PropertiesConfiguration - Base path set to file:///Users/lusirui/Documents/research/PL/Summer/DeFlakerTest/ninja/ninja-core/target/test-classes/conf/messages.properties
11:41:27.418 [main] DEBUG o.a.c.c.PropertiesConfiguration - FileName set to conf/messages_en.properties
11:41:27.418 [main] DEBUG o.a.c.c.ConfigurationUtils - ConfigurationUtils.locate(): base is null, name is conf/messages_en.properties
11:41:27.418 [main] DEBUG o.a.c.c.DefaultFileSystem - Could not locate file conf/messages_en.properties at null: no protocol: conf/messages_en.properties
11:41:27.418 [main] DEBUG o.a.c.c.ConfigurationUtils - Loading configuration from the context classpath (conf/messages_en.properties)
11:41:27.418 [main] DEBUG o.a.c.c.PropertiesConfiguration - Base path set to file:///Users/lusirui/Documents/research/PL/Summer/DeFlakerTest/ninja/ninja-core/target/test-classes/conf/messages_en.properties
11:41:27.419 [main] DEBUG o.a.c.c.PropertiesConfiguration - FileName set to conf/messages_de.properties
11:41:27.419 [main] DEBUG o.a.c.c.ConfigurationUtils - ConfigurationUtils.locate(): base is null, name is conf/messages_de.properties
11:41:27.419 [main] DEBUG o.a.c.c.DefaultFileSystem - Could not locate file conf/messages_de.properties at null: no protocol: conf/messages_de.properties
11:41:27.419 [main] DEBUG o.a.c.c.ConfigurationUtils - Loading configuration from the context classpath (conf/messages_de.properties)
11:41:27.419 [main] DEBUG o.a.c.c.PropertiesConfiguration - Base path set to file:///Users/lusirui/Documents/research/PL/Summer/DeFlakerTest/ninja/ninja-core/target/test-classes/conf/messages_de.properties
11:41:27.419 [main] DEBUG o.a.c.c.PropertiesConfiguration - FileName set to conf/messages_fr-FR.properties
11:41:27.419 [main] DEBUG o.a.c.c.ConfigurationUtils - ConfigurationUtils.locate(): base is null, name is conf/messages_fr-FR.properties
11:41:27.419 [main] DEBUG o.a.c.c.DefaultFileSystem - Could not locate file conf/messages_fr-FR.properties at null: no protocol: conf/messages_fr-FR.properties
11:41:27.420 [main] DEBUG o.a.c.c.ConfigurationUtils - Loading configuration from the context classpath (conf/messages_fr-FR.properties)
11:41:27.420 [main] DEBUG o.a.c.c.PropertiesConfiguration - Base path set to file:///Users/lusirui/Documents/research/PL/Summer/DeFlakerTest/ninja/ninja-core/target/test-classes/conf/messages_fr-FR.properties
11:41:27.420 [main] DEBUG o.a.c.c.PropertiesConfiguration - FileName set to conf/messages_fr.properties
11:41:27.420 [main] DEBUG o.a.c.c.ConfigurationUtils - ConfigurationUtils.locate(): base is null, name is conf/messages_fr.properties
11:41:27.420 [main] DEBUG o.a.c.c.DefaultFileSystem - Could not locate file conf/messages_fr.properties at null: no protocol: conf/messages_fr.properties
11:41:27.420 [main] INFO  ninja.utils.SwissKnife - Could not load file conf/messages_fr.properties (not a bad thing necessarily, but I am returing null)
11:41:27.422 [main] DEBUG o.a.c.c.PropertiesConfiguration - FileName set to conf/messages.properties
11:41:27.422 [main] DEBUG o.a.c.c.ConfigurationUtils - ConfigurationUtils.locate(): base is null, name is conf/messages.properties
11:41:27.422 [main] DEBUG o.a.c.c.DefaultFileSystem - Could not locate file conf/messages.properties at null: no protocol: conf/messages.properties
11:41:27.422 [main] DEBUG o.a.c.c.ConfigurationUtils - Loading configuration from the context classpath (conf/messages.properties)
11:41:27.422 [main] DEBUG o.a.c.c.PropertiesConfiguration - Base path set to file:///Users/lusirui/Documents/research/PL/Summer/DeFlakerTest/ninja/ninja-core/target/test-classes/conf/messages.properties
11:41:27.423 [main] DEBUG o.a.c.c.PropertiesConfiguration - FileName set to conf/messages_en.properties
11:41:27.423 [main] DEBUG o.a.c.c.ConfigurationUtils - ConfigurationUtils.locate(): base is null, name is conf/messages_en.properties
11:41:27.423 [main] DEBUG o.a.c.c.DefaultFileSystem - Could not locate file conf/messages_en.properties at null: no protocol: conf/messages_en.properties
11:41:27.423 [main] DEBUG o.a.c.c.ConfigurationUtils - Loading configuration from the context classpath (conf/messages_en.properties)
11:41:27.423 [main] DEBUG o.a.c.c.PropertiesConfiguration - Base path set to file:///Users/lusirui/Documents/research/PL/Summer/DeFlakerTest/ninja/ninja-core/target/test-classes/conf/messages_en.properties
11:41:27.423 [main] DEBUG o.a.c.c.PropertiesConfiguration - FileName set to conf/messages_de.properties
11:41:27.423 [main] DEBUG o.a.c.c.ConfigurationUtils - ConfigurationUtils.locate(): base is null, name is conf/messages_de.properties
11:41:27.423 [main] DEBUG o.a.c.c.DefaultFileSystem - Could not locate file conf/messages_de.properties at null: no protocol: conf/messages_de.properties
11:41:27.423 [main] DEBUG o.a.c.c.ConfigurationUtils - Loading configuration from the context classpath (conf/messages_de.properties)
11:41:27.423 [main] DEBUG o.a.c.c.PropertiesConfiguration - Base path set to file:///Users/lusirui/Documents/research/PL/Summer/DeFlakerTest/ninja/ninja-core/target/test-classes/conf/messages_de.properties
11:41:27.424 [main] DEBUG o.a.c.c.PropertiesConfiguration - FileName set to conf/messages_fr-FR.properties
11:41:27.424 [main] DEBUG o.a.c.c.ConfigurationUtils - ConfigurationUtils.locate(): base is null, name is conf/messages_fr-FR.properties
11:41:27.424 [main] DEBUG o.a.c.c.DefaultFileSystem - Could not locate file conf/messages_fr-FR.properties at null: no protocol: conf/messages_fr-FR.properties
11:41:27.424 [main] DEBUG o.a.c.c.ConfigurationUtils - Loading configuration from the context classpath (conf/messages_fr-FR.properties)
11:41:27.424 [main] DEBUG o.a.c.c.PropertiesConfiguration - Base path set to file:///Users/lusirui/Documents/research/PL/Summer/DeFlakerTest/ninja/ninja-core/target/test-classes/conf/messages_fr-FR.properties
11:41:27.424 [main] DEBUG o.a.c.c.PropertiesConfiguration - FileName set to conf/messages_fr.properties
11:41:27.424 [main] DEBUG o.a.c.c.ConfigurationUtils - ConfigurationUtils.locate(): base is null, name is conf/messages_fr.properties
11:41:27.424 [main] DEBUG o.a.c.c.DefaultFileSystem - Could not locate file conf/messages_fr.properties at null: no protocol: conf/messages_fr.properties
11:41:27.425 [main] INFO  ninja.utils.SwissKnife - Could not load file conf/messages_fr.properties (not a bad thing necessarily, but I am returing null)
11:41:27.426 [main] DEBUG o.a.c.c.PropertiesConfiguration - FileName set to conf/messages.properties
11:41:27.426 [main] DEBUG o.a.c.c.ConfigurationUtils - ConfigurationUtils.locate(): base is null, name is conf/messages.properties
11:41:27.426 [main] DEBUG o.a.c.c.DefaultFileSystem - Could not locate file conf/messages.properties at null: no protocol: conf/messages.properties
11:41:27.426 [main] DEBUG o.a.c.c.ConfigurationUtils - Loading configuration from the context classpath (conf/messages.properties)
11:41:27.426 [main] DEBUG o.a.c.c.PropertiesConfiguration - Base path set to file:///Users/lusirui/Documents/research/PL/Summer/DeFlakerTest/ninja/ninja-core/target/test-classes/conf/messages.properties
11:41:27.427 [main] DEBUG o.a.c.c.PropertiesConfiguration - FileName set to conf/messages_en.properties
11:41:27.427 [main] DEBUG o.a.c.c.ConfigurationUtils - ConfigurationUtils.locate(): base is null, name is conf/messages_en.properties
11:41:27.427 [main] DEBUG o.a.c.c.DefaultFileSystem - Could not locate file conf/messages_en.properties at null: no protocol: conf/messages_en.properties
11:41:27.427 [main] DEBUG o.a.c.c.ConfigurationUtils - Loading configuration from the context classpath (conf/messages_en.properties)
11:41:27.427 [main] DEBUG o.a.c.c.PropertiesConfiguration - Base path set to file:///Users/lusirui/Documents/research/PL/Summer/DeFlakerTest/ninja/ninja-core/target/test-classes/conf/messages_en.properties
11:41:27.427 [main] DEBUG o.a.c.c.PropertiesConfiguration - FileName set to conf/messages_de.properties
11:41:27.428 [main] DEBUG o.a.c.c.ConfigurationUtils - ConfigurationUtils.locate(): base is null, name is conf/messages_de.properties
11:41:27.428 [main] DEBUG o.a.c.c.DefaultFileSystem - Could not locate file conf/messages_de.properties at null: no protocol: conf/messages_de.properties
11:41:27.428 [main] DEBUG o.a.c.c.ConfigurationUtils - Loading configuration from the context classpath (conf/messages_de.properties)
11:41:27.428 [main] DEBUG o.a.c.c.PropertiesConfiguration - Base path set to file:///Users/lusirui/Documents/research/PL/Summer/DeFlakerTest/ninja/ninja-core/target/test-classes/conf/messages_de.properties
11:41:27.428 [main] DEBUG o.a.c.c.PropertiesConfiguration - FileName set to conf/messages_fr-FR.properties
11:41:27.428 [main] DEBUG o.a.c.c.ConfigurationUtils - ConfigurationUtils.locate(): base is null, name is conf/messages_fr-FR.properties
11:41:27.428 [main] DEBUG o.a.c.c.DefaultFileSystem - Could not locate file conf/messages_fr-FR.properties at null: no protocol: conf/messages_fr-FR.properties
11:41:27.428 [main] DEBUG o.a.c.c.ConfigurationUtils - Loading configuration from the context classpath (conf/messages_fr-FR.properties)
11:41:27.428 [main] DEBUG o.a.c.c.PropertiesConfiguration - Base path set to file:///Users/lusirui/Documents/research/PL/Summer/DeFlakerTest/ninja/ninja-core/target/test-classes/conf/messages_fr-FR.properties
11:41:27.429 [main] DEBUG o.a.c.c.PropertiesConfiguration - FileName set to conf/messages_fr.properties
11:41:27.429 [main] DEBUG o.a.c.c.ConfigurationUtils - ConfigurationUtils.locate(): base is null, name is conf/messages_fr.properties
11:41:27.429 [main] DEBUG o.a.c.c.DefaultFileSystem - Could not locate file conf/messages_fr.properties at null: no protocol: conf/messages_fr.properties
11:41:27.429 [main] INFO  ninja.utils.SwissKnife - Could not load file conf/messages_fr.properties (not a bad thing necessarily, but I am returing null)
Tests run: 8, Failures: 0, Errors: 0, Skipped: 0, Time elapsed: 0.036 sec - in ninja.i18n.MessagesImplTest
Running ninja.postoffice.commonsmail.CommonsMailHelperImplTest
DEBUG: JavaMail version 1.4.5
DEBUG: successfully loaded resource: /META-INF/javamail.default.providers
DEBUG: Tables of loaded providers
DEBUG: Providers Listed By Class Name: {com.sun.mail.smtp.SMTPSSLTransport=javax.mail.Provider[TRANSPORT,smtps,com.sun.mail.smtp.SMTPSSLTransport,Sun Microsystems, Inc], com.sun.mail.smtp.SMTPTransport=javax.mail.Provider[TRANSPORT,smtp,com.sun.mail.smtp.SMTPTransport,Sun Microsystems, Inc], com.sun.mail.imap.IMAPSSLStore=javax.mail.Provider[STORE,imaps,com.sun.mail.imap.IMAPSSLStore,Sun Microsystems, Inc], com.sun.mail.pop3.POP3SSLStore=javax.mail.Provider[STORE,pop3s,com.sun.mail.pop3.POP3SSLStore,Sun Microsystems, Inc], com.sun.mail.imap.IMAPStore=javax.mail.Provider[STORE,imap,com.sun.mail.imap.IMAPStore,Sun Microsystems, Inc], com.sun.mail.pop3.POP3Store=javax.mail.Provider[STORE,pop3,com.sun.mail.pop3.POP3Store,Sun Microsystems, Inc]}
DEBUG: Providers Listed By Protocol: {imaps=javax.mail.Provider[STORE,imaps,com.sun.mail.imap.IMAPSSLStore,Sun Microsystems, Inc], imap=javax.mail.Provider[STORE,imap,com.sun.mail.imap.IMAPStore,Sun Microsystems, Inc], smtps=javax.mail.Provider[TRANSPORT,smtps,com.sun.mail.smtp.SMTPSSLTransport,Sun Microsystems, Inc], pop3=javax.mail.Provider[STORE,pop3,com.sun.mail.pop3.POP3Store,Sun Microsystems, Inc], pop3s=javax.mail.Provider[STORE,pop3s,com.sun.mail.pop3.POP3SSLStore,Sun Microsystems, Inc], smtp=javax.mail.Provider[TRANSPORT,smtp,com.sun.mail.smtp.SMTPTransport,Sun Microsystems, Inc]}
DEBUG: successfully loaded resource: /META-INF/javamail.default.address.map
Tests run: 5, Failures: 0, Errors: 0, Skipped: 0, Time elapsed: 0.036 sec - in ninja.postoffice.commonsmail.CommonsMailHelperImplTest
Running ninja.postoffice.commonsmail.CommonsMailHelperImplGreenmailIntegrationTest
Tests run: 1, Failures: 0, Errors: 0, Skipped: 0, Time elapsed: 0.072 sec - in ninja.postoffice.commonsmail.CommonsMailHelperImplGreenmailIntegrationTest
Running ninja.postoffice.mock.PostofficeMockImplTest
11:41:27.541 [main] INFO  n.postoffice.mock.PostofficeMockImpl - --------------------------------------------------------
11:41:27.541 [main] INFO  n.postoffice.mock.PostofficeMockImpl - Mock mailer received send email request
11:41:27.541 [main] INFO  n.postoffice.mock.PostofficeMockImpl - --------------------------------------------------------
11:41:27.541 [main] INFO  n.postoffice.mock.PostofficeMockImpl - Subject : first mail
11:41:27.541 [main] INFO  n.postoffice.mock.PostofficeMockImpl - From    : from@localhost
11:41:27.541 [main] INFO  n.postoffice.mock.PostofficeMockImpl - To      : to@localhost
11:41:27.541 [main] INFO  n.postoffice.mock.PostofficeMockImpl - ----- Html content -------------------------------------
11:41:27.541 [main] INFO  n.postoffice.mock.PostofficeMockImpl - null
11:41:27.541 [main] INFO  n.postoffice.mock.PostofficeMockImpl - ----- Text content -------------------------------------
11:41:27.541 [main] INFO  n.postoffice.mock.PostofficeMockImpl - simple body text
11:41:27.541 [main] INFO  n.postoffice.mock.PostofficeMockImpl - --------------------------------------------------------
11:41:27.541 [main] INFO  n.postoffice.mock.PostofficeMockImpl - --------------------------------------------------------
11:41:27.541 [main] INFO  n.postoffice.mock.PostofficeMockImpl - Mock mailer received send email request
11:41:27.541 [main] INFO  n.postoffice.mock.PostofficeMockImpl - --------------------------------------------------------
11:41:27.541 [main] INFO  n.postoffice.mock.PostofficeMockImpl - Subject : second mail
11:41:27.541 [main] INFO  n.postoffice.mock.PostofficeMockImpl - From    : from@localhost
11:41:27.541 [main] INFO  n.postoffice.mock.PostofficeMockImpl - To      : to@localhost
11:41:27.541 [main] INFO  n.postoffice.mock.PostofficeMockImpl - ----- Html content -------------------------------------
11:41:27.541 [main] INFO  n.postoffice.mock.PostofficeMockImpl - null
11:41:27.541 [main] INFO  n.postoffice.mock.PostofficeMockImpl - ----- Text content -------------------------------------
11:41:27.541 [main] INFO  n.postoffice.mock.PostofficeMockImpl - simple body text
11:41:27.541 [main] INFO  n.postoffice.mock.PostofficeMockImpl - --------------------------------------------------------
Tests run: 1, Failures: 0, Errors: 0, Skipped: 0, Time elapsed: 0 sec - in ninja.postoffice.mock.PostofficeMockImplTest
Running ninja.postoffice.common.MailImplUnitTest
Tests run: 1, Failures: 0, Errors: 0, Skipped: 0, Time elapsed: 0 sec - in ninja.postoffice.common.MailImplUnitTest
Running ninja.session.FlashCookieTest
Tests run: 7, Failures: 0, Errors: 0, Skipped: 0, Time elapsed: 0.004 sec - in ninja.session.FlashCookieTest
Running ninja.session.SessionCookieTest
Tests run: 9, Failures: 0, Errors: 0, Skipped: 0, Time elapsed: 0.007 sec - in ninja.session.SessionCookieTest

Results :




Tests run: 238, Failures: 0, Errors: 0, Skipped: 0

[INFO] 
[INFO] --- maven-surefire-plugin:2.18:test (default-test-rerunfailures) @ ninja-core ---
[INFO] Surefire report directory: /Users/lusirui/Documents/research/PL/Summer/DeFlakerTest/ninja/ninja-core/target/surefire-reports-isolated-reruns
[INFO] Using configured provider org.deflaker.surefire.ReExecJunit4Provider
[INFO] parallel='none', perCoreThreadCount=true, threadCount=0, useUnlimitedThreads=false, threadCountSuites=0, threadCountClasses=0, threadCountMethods=0, parallelOptimized=true

-------------------------------------------------------
 T E S T S
-------------------------------------------------------

Results :




Tests run: 0, Failures: 0, Errors: 0, Skipped: 0

[INFO] 
[INFO] --- deflaker-maven-plugin:1.4:report (deflaker-report-tests) @ ninja-core ---
[INFO] ------------------------------------------------------------------------
[INFO] TEST DIFFCOV ANALYSIS
[INFO] ninja-coreninja-core
[INFO] ------------------------------------------------------------------------
[INFO] Using covFile: /Users/lusirui/Documents/research/PL/Summer/DeFlakerTest/ninja/ninja-core/target/diffcov.log
[INFO] Using difFile: /Users/lusirui/Documents/research/PL/Summer/DeFlakerTest/ninja/.diffCache
[WARNING] Diff has gone untested: ninja/i18n/MessagesImpl has uncovered changes [85, 87, 135, 137, 142, 144, 311, 312, 314]
[WARNING] Diff has gone untested: ninja/i18n/MessagesImplTest has uncovered changes [57, 58, 61, 62, 63, 66, 67, 70, 120, 122, 125, 126, 129, 130, 139, 141, 145, 147, 149, 153, 155, 302, 303, 306]
[WARNING] Diff has gone untested: ninja/i18n/LangImplTest has uncovered changes [55, 56, 150, 151, 153, 154, 156, 159, 160, 162, 163, 165, 168, 169, 171, 172, 174, 177, 184, 185, 187, 188, 192]
[WARNING] Diff has gone untested: ninja/i18n/LangImpl has uncovered changes [56, 189, 191, 195, 204, 205, 207, 209, 213, 218, 220]
[WARNING] Diff has gone untested: ninja/i18n/Lang has uncovered changes [26, 78, 79, 80, 81, 82, 83, 84, 85, 86, 87, 88, 89, 90, 91, 92, 93, 94, 95, 96, 97, 98, 99, 100]
[INFO] 
[INFO] --- maven-jar-plugin:2.4:jar (default-jar) @ ninja-core ---
[INFO] Building jar: /Users/lusirui/Documents/research/PL/Summer/DeFlakerTest/ninja/ninja-core/target/ninja-core-2.2.1-SNAPSHOT.jar
[INFO]                                                                         
[INFO] ------------------------------------------------------------------------
[INFO] Building ninja-servlet 2.2.1-SNAPSHOT
[INFO] ------------------------------------------------------------------------
[INFO] 
[INFO] --- maven-resources-plugin:2.6:resources (default-resources) @ ninja-servlet ---
[INFO] Using 'UTF-8' encoding to copy filtered resources.
[INFO] skip non existing resourceDirectory /Users/lusirui/Documents/research/PL/Summer/DeFlakerTest/ninja/ninja-servlet/src/main/resources
[INFO] 
[INFO] --- maven-compiler-plugin:3.1:compile (default-compile) @ ninja-servlet ---
[INFO] Nothing to compile - all classes are up to date
[INFO] 
[INFO] --- maven-resources-plugin:2.6:testResources (default-testResources) @ ninja-servlet ---
[INFO] Using 'UTF-8' encoding to copy filtered resources.
[INFO] skip non existing resourceDirectory /Users/lusirui/Documents/research/PL/Summer/DeFlakerTest/ninja/ninja-servlet/src/test/resources
[INFO] 
[INFO] --- deflaker-maven-plugin:1.4:diff (deflaker-diff) @ ninja-servlet ---
[INFO] 
[INFO] --- maven-compiler-plugin:3.1:testCompile (default-testCompile) @ ninja-servlet ---
[INFO] Nothing to compile - all classes are up to date
[INFO] 
[INFO] --- maven-surefire-plugin:2.18:test (default-test) @ ninja-servlet ---
[INFO] Surefire report directory: /Users/lusirui/Documents/research/PL/Summer/DeFlakerTest/ninja/ninja-servlet/target/surefire-reports
[INFO] Using configured provider org.deflaker.surefire.ReExecJunit4Provider
[INFO] parallel='none', perCoreThreadCount=true, threadCount=0, useUnlimitedThreads=false, threadCountSuites=0, threadCountClasses=0, threadCountMethods=0, parallelOptimized=true

-------------------------------------------------------
 T E S T S
-------------------------------------------------------
Running ninja.servlet.ContextImplTest
Tests run: 26, Failures: 0, Errors: 0, Skipped: 0, Time elapsed: 0.3 sec - in ninja.servlet.ContextImplTest

Results :




Tests run: 26, Failures: 0, Errors: 0, Skipped: 0

[INFO] 
[INFO] --- maven-surefire-plugin:2.18:test (default-test-rerunfailures) @ ninja-servlet ---
[INFO] Surefire report directory: /Users/lusirui/Documents/research/PL/Summer/DeFlakerTest/ninja/ninja-servlet/target/surefire-reports-isolated-reruns
[INFO] Using configured provider org.deflaker.surefire.ReExecJunit4Provider
[INFO] parallel='none', perCoreThreadCount=true, threadCount=0, useUnlimitedThreads=false, threadCountSuites=0, threadCountClasses=0, threadCountMethods=0, parallelOptimized=true

-------------------------------------------------------
 T E S T S
-------------------------------------------------------

Results :




Tests run: 0, Failures: 0, Errors: 0, Skipped: 0

[INFO] 
[INFO] --- deflaker-maven-plugin:1.4:report (deflaker-report-tests) @ ninja-servlet ---
[INFO] ------------------------------------------------------------------------
[INFO] TEST DIFFCOV ANALYSIS
[INFO] ninja-servletninja-servlet
[INFO] ------------------------------------------------------------------------
[INFO] Using covFile: /Users/lusirui/Documents/research/PL/Summer/DeFlakerTest/ninja/ninja-servlet/target/diffcov.log
[INFO] Using difFile: /Users/lusirui/Documents/research/PL/Summer/DeFlakerTest/ninja/.diffCache
[WARNING] Diff has gone untested: ninja/i18n/MessagesImpl has uncovered changes [85, 87, 135, 137, 142, 144, 311, 312, 314]
[WARNING] Diff has gone untested: ninja/i18n/MessagesImplTest has uncovered changes [57, 58, 61, 62, 63, 66, 67, 70, 120, 122, 125, 126, 129, 130, 139, 141, 145, 147, 149, 153, 155, 302, 303, 306]
[WARNING] Diff has gone untested: ninja/i18n/LangImplTest has uncovered changes [55, 56, 150, 151, 153, 154, 156, 159, 160, 162, 163, 165, 168, 169, 171, 172, 174, 177, 184, 185, 187, 188, 192]
[WARNING] Diff has gone untested: ninja/i18n/LangImpl has uncovered changes [56, 189, 191, 195, 204, 205, 207, 209, 213, 218, 220]
[WARNING] Diff has gone untested: ninja/i18n/Lang has uncovered changes [26, 78, 79, 80, 81, 82, 83, 84, 85, 86, 87, 88, 89, 90, 91, 92, 93, 94, 95, 96, 97, 98, 99, 100]
[INFO] 
[INFO] --- maven-jar-plugin:2.4:jar (default-jar) @ ninja-servlet ---
[INFO] Building jar: /Users/lusirui/Documents/research/PL/Summer/DeFlakerTest/ninja/ninja-servlet/target/ninja-servlet-2.2.1-SNAPSHOT.jar
[INFO]                                                                         
[INFO] ------------------------------------------------------------------------
[INFO] Building ninja-standalone 2.2.1-SNAPSHOT
[INFO] ------------------------------------------------------------------------
[INFO] 
[INFO] --- maven-resources-plugin:2.6:resources (default-resources) @ ninja-standalone ---
[INFO] Using 'UTF-8' encoding to copy filtered resources.
[INFO] skip non existing resourceDirectory /Users/lusirui/Documents/research/PL/Summer/DeFlakerTest/ninja/ninja-standalone/src/main/resources
[INFO] 
[INFO] --- maven-compiler-plugin:3.1:compile (default-compile) @ ninja-standalone ---
[INFO] Nothing to compile - all classes are up to date
[INFO] 
[INFO] --- maven-resources-plugin:2.6:testResources (default-testResources) @ ninja-standalone ---
[INFO] Using 'UTF-8' encoding to copy filtered resources.
[INFO] skip non existing resourceDirectory /Users/lusirui/Documents/research/PL/Summer/DeFlakerTest/ninja/ninja-standalone/src/test/resources
[INFO] 
[INFO] --- deflaker-maven-plugin:1.4:diff (deflaker-diff) @ ninja-standalone ---
[INFO] 
[INFO] --- maven-compiler-plugin:3.1:testCompile (default-testCompile) @ ninja-standalone ---
[INFO] No sources to compile
[INFO] 
[INFO] --- maven-surefire-plugin:2.18:test (default-test) @ ninja-standalone ---
[INFO] No tests to run.
[INFO] 
[INFO] --- maven-surefire-plugin:2.18:test (default-test-rerunfailures) @ ninja-standalone ---
[INFO] No tests to run.
[INFO] 
[INFO] --- deflaker-maven-plugin:1.4:report (deflaker-report-tests) @ ninja-standalone ---
[INFO] ------------------------------------------------------------------------
[INFO] TEST DIFFCOV ANALYSIS
[INFO] ninja-standaloneninja-standalone
[INFO] ------------------------------------------------------------------------
[INFO] Using covFile: /Users/lusirui/Documents/research/PL/Summer/DeFlakerTest/ninja/ninja-standalone/target/diffcov.log
[INFO] Using difFile: /Users/lusirui/Documents/research/PL/Summer/DeFlakerTest/ninja/.diffCache
[INFO] No test data found
[INFO] 
[INFO] --- maven-jar-plugin:2.4:jar (default-jar) @ ninja-standalone ---
[INFO]                                                                         
[INFO] ------------------------------------------------------------------------
[INFO] Building ninja-test-utilities 2.2.1-SNAPSHOT
[INFO] ------------------------------------------------------------------------
[INFO] 
[INFO] --- maven-resources-plugin:2.6:resources (default-resources) @ ninja-test-utilities ---
[INFO] Using 'UTF-8' encoding to copy filtered resources.
[INFO] skip non existing resourceDirectory /Users/lusirui/Documents/research/PL/Summer/DeFlakerTest/ninja/ninja-test-utilities/src/main/resources
[INFO] 
[INFO] --- maven-compiler-plugin:3.1:compile (default-compile) @ ninja-test-utilities ---
[INFO] Nothing to compile - all classes are up to date
[INFO] 
[INFO] --- maven-resources-plugin:2.6:testResources (default-testResources) @ ninja-test-utilities ---
[INFO] Using 'UTF-8' encoding to copy filtered resources.
[INFO] skip non existing resourceDirectory /Users/lusirui/Documents/research/PL/Summer/DeFlakerTest/ninja/ninja-test-utilities/src/test/resources
[INFO] 
[INFO] --- deflaker-maven-plugin:1.4:diff (deflaker-diff) @ ninja-test-utilities ---
[INFO] 
[INFO] --- maven-compiler-plugin:3.1:testCompile (default-testCompile) @ ninja-test-utilities ---
[INFO] No sources to compile
[INFO] 
[INFO] --- maven-surefire-plugin:2.18:test (default-test) @ ninja-test-utilities ---
[INFO] No tests to run.
[INFO] 
[INFO] --- maven-surefire-plugin:2.18:test (default-test-rerunfailures) @ ninja-test-utilities ---
[INFO] No tests to run.
[INFO] 
[INFO] --- deflaker-maven-plugin:1.4:report (deflaker-report-tests) @ ninja-test-utilities ---
[INFO] ------------------------------------------------------------------------
[INFO] TEST DIFFCOV ANALYSIS
[INFO] ninja-test-utilitiesninja-test-utilities
[INFO] ------------------------------------------------------------------------
[INFO] Using covFile: /Users/lusirui/Documents/research/PL/Summer/DeFlakerTest/ninja/ninja-test-utilities/target/diffcov.log
[INFO] Using difFile: /Users/lusirui/Documents/research/PL/Summer/DeFlakerTest/ninja/.diffCache
[INFO] No test data found
[INFO] 
[INFO] --- maven-jar-plugin:2.4:jar (default-jar) @ ninja-test-utilities ---
[INFO]                                                                         
[INFO] ------------------------------------------------------------------------
[INFO] Building ninja-maven-plugin 2.2.1-SNAPSHOT
[INFO] ------------------------------------------------------------------------
[INFO] 
[INFO] --- maven-resources-plugin:2.6:resources (default-resources) @ ninja-maven-plugin ---
[INFO] Using 'UTF-8' encoding to copy filtered resources.
[INFO] skip non existing resourceDirectory /Users/lusirui/Documents/research/PL/Summer/DeFlakerTest/ninja/ninja-maven-plugin/src/main/resources
[INFO] 
[INFO] --- maven-compiler-plugin:3.1:compile (default-compile) @ ninja-maven-plugin ---
[INFO] Nothing to compile - all classes are up to date
[INFO] 
[INFO] --- maven-plugin-plugin:3.2:descriptor (default-descriptor) @ ninja-maven-plugin ---
[INFO] Using 'UTF-8' encoding to read mojo metadata.
[INFO] Applying mojo extractor for language: java
[WARNING] ninja.NinjaRunMojo#mavenProject:
[WARNING]   The syntax
[WARNING]     @parameter expression="${property}"
[WARNING]   is deprecated, please use
[WARNING]     @parameter property="property"
[WARNING]   instead.
[INFO] Mojo extractor for language: java found 1 mojo descriptors.
[INFO] Applying mojo extractor for language: bsh
[INFO] Mojo extractor for language: bsh found 0 mojo descriptors.
[INFO] Applying mojo extractor for language: java-annotations
[INFO] Mojo extractor for language: java-annotations found 0 mojo descriptors.
[INFO] 
[INFO] --- maven-plugin-plugin:3.2:descriptor (mojo-descriptor) @ ninja-maven-plugin ---
[INFO] Using 'UTF-8' encoding to read mojo metadata.
[INFO] Applying mojo extractor for language: java
[WARNING] ninja.NinjaRunMojo#mavenProject:
[WARNING]   The syntax
[WARNING]     @parameter expression="${property}"
[WARNING]   is deprecated, please use
[WARNING]     @parameter property="property"
[WARNING]   instead.
[INFO] Mojo extractor for language: java found 1 mojo descriptors.
[INFO] Applying mojo extractor for language: bsh
[INFO] Mojo extractor for language: bsh found 0 mojo descriptors.
[INFO] Applying mojo extractor for language: java-annotations
[INFO] Mojo extractor for language: java-annotations found 0 mojo descriptors.
[INFO] 
[INFO] --- maven-resources-plugin:2.6:testResources (default-testResources) @ ninja-maven-plugin ---
[INFO] Using 'UTF-8' encoding to copy filtered resources.
[INFO] skip non existing resourceDirectory /Users/lusirui/Documents/research/PL/Summer/DeFlakerTest/ninja/ninja-maven-plugin/src/test/resources
[INFO] 
[INFO] --- deflaker-maven-plugin:1.4:diff (deflaker-diff) @ ninja-maven-plugin ---
[INFO] 
[INFO] --- maven-compiler-plugin:3.1:testCompile (default-testCompile) @ ninja-maven-plugin ---
[INFO] No sources to compile
[INFO] 
[INFO] --- maven-surefire-plugin:2.18:test (default-test) @ ninja-maven-plugin ---
[INFO] Surefire report directory: /Users/lusirui/Documents/research/PL/Summer/DeFlakerTest/ninja/ninja-maven-plugin/target/surefire-reports
[INFO] Using configured provider org.deflaker.surefire.ReExecJunit4Provider
[INFO] parallel='none', perCoreThreadCount=true, threadCount=0, useUnlimitedThreads=false, threadCountSuites=0, threadCountClasses=0, threadCountMethods=0, parallelOptimized=true

-------------------------------------------------------
 T E S T S
-------------------------------------------------------

Results :




Tests run: 0, Failures: 0, Errors: 0, Skipped: 0

[INFO] ------------------------------------------------------------------------
[INFO] Reactor Summary:
[INFO] 
[INFO] ninja .............................................. SUCCESS [  0.002 s]
[INFO] ninja-core ......................................... SUCCESS [  6.119 s]
[INFO] ninja-servlet ...................................... SUCCESS [  1.432 s]
[INFO] ninja-standalone ................................... SUCCESS [  0.042 s]
[INFO] ninja-test-utilities ............................... SUCCESS [  0.089 s]
[INFO] ninja-maven-plugin ................................. FAILURE [  2.933 s]
[INFO] ninja-servlet-integration-test ..................... SKIPPED
[INFO] ninja-servlet-jpa-blog-integration-test ............ SKIPPED
[INFO] ninja-servlet-jpa-blog-archetype ................... SKIPPED
[INFO] ------------------------------------------------------------------------
[INFO] BUILD FAILURE
[INFO] ------------------------------------------------------------------------
[INFO] Total time: 11.759 s
[INFO] Finished at: 2019-03-04T11:41:33+08:00
[INFO] Final Memory: 44M/869M
[INFO] ------------------------------------------------------------------------
[ERROR] Failed to execute goal org.apache.maven.plugins:maven-surefire-plugin:2.18:test (default-test) on project ninja-maven-plugin: Execution default-test of goal org.apache.maven.plugins:maven-surefire-plugin:2.18:test failed: There was an error in the forked process
[ERROR] java.lang.NoClassDefFoundError: org/junit/runner/notification/RunListener
[ERROR] at java.lang.Class.getDeclaredConstructors0(Native Method)
[ERROR] at java.lang.Class.privateGetDeclaredConstructors(Class.java:2671)
[ERROR] at java.lang.Class.getConstructor0(Class.java:3075)
[ERROR] at java.lang.Class.getConstructor(Class.java:1825)
[ERROR] at org.apache.maven.surefire.util.ReflectionUtils.getConstructor(ReflectionUtils.java:76)
[ERROR] at org.apache.maven.surefire.util.ReflectionUtils.instantiateOneArg(ReflectionUtils.java:129)
[ERROR] at org.apache.maven.surefire.booter.ForkedBooter.createProviderInCurrentClassloader(ForkedBooter.java:230)
[ERROR] at org.apache.maven.surefire.booter.ForkedBooter.invokeProviderInSameClassLoader(ForkedBooter.java:199)
[ERROR] at org.apache.maven.surefire.booter.ForkedBooter.runSuitesInProcess(ForkedBooter.java:155)
[ERROR] at org.apache.maven.surefire.booter.ForkedBooter.main(ForkedBooter.java:103)
[ERROR] Caused by: java.lang.ClassNotFoundException: org.junit.runner.notification.RunListener
[ERROR] at java.net.URLClassLoader.findClass(URLClassLoader.java:381)
[ERROR] at java.lang.ClassLoader.loadClass(ClassLoader.java:424)
[ERROR] at sun.misc.Launcher$AppClassLoader.loadClass(Launcher.java:338)
[ERROR] at java.lang.ClassLoader.loadClass(ClassLoader.java:357)
[ERROR] ... 10 more
[ERROR] -> [Help 1]
[ERROR] 
[ERROR] To see the full stack trace of the errors, re-run Maven with the -e switch.
[ERROR] Re-run Maven using the -X switch to enable full debug logging.
[ERROR] 
[ERROR] For more information about the errors and possible solutions, please read the following articles:
[ERROR] [Help 1] http://cwiki.apache.org/confluence/display/MAVEN/PluginExecutionException
[ERROR] 
[ERROR] After correcting the problems, you can resume the build with the command
[ERROR]   mvn <goals> -rf :ninja-maven-plugin
